#
# A fatal error has been detected by the Java Runtime Environment:
#
#  EXCEPTION_ACCESS_VIOLATION (0xc0000005) at pc=0x00007ffb857ae0a9, pid=2008, tid=16376
#
# JRE version: OpenJDK Runtime Environment Microsoft-8297089 (17.0.8.1+1) (build 17.0.8.1+1-LTS)
# Java VM: OpenJDK 64-Bit Server VM Microsoft-8297089 (17.0.8.1+1-LTS, mixed mode, sharing, tiered, compressed oops, compressed class ptrs, g1 gc, windows-amd64)
# Problematic frame:
# V  [jvm.dll+0x2be0a9]
#
# No core dump will be written. Minidumps are not enabled by default on client versions of Windows
#
# If you would like to submit a bug report, please visit:
#   https://github.com/microsoft/openjdk/issues
#

---------------  S U M M A R Y ------------

Command Line: -XX:MaxMetaspaceSize=512m --add-opens=java.base/java.util=ALL-UNNAMED --add-opens=java.base/java.lang=ALL-UNNAMED --add-opens=java.base/java.lang.invoke=ALL-UNNAMED --add-opens=java.prefs/java.util.prefs=ALL-UNNAMED --add-opens=java.base/java.nio.charset=ALL-UNNAMED --add-opens=java.base/java.net=ALL-UNNAMED --add-opens=java.base/java.util.concurrent.atomic=ALL-UNNAMED -Xmx2048m -Dfile.encoding=windows-1252 -Duser.country=ID -Duser.language=en -Duser.variant org.gradle.launcher.daemon.bootstrap.GradleDaemon 8.0.1

Host: Intel(R) Core(TM) i3-1005G1 CPU @ 1.20GHz, 4 cores, 7G,  Windows 11 , 64 bit Build 22621 (10.0.22621.2506)
Time: Sat Dec 23 20:13:38 2023 SE Asia Standard Time elapsed time: 179.722764 seconds (0d 0h 2m 59s)

---------------  T H R E A D  ---------------

Current thread (0x0000026cff8f91e0):  JavaThread "C2 CompilerThread0" daemon [_thread_in_native, id=16376, stack(0x000000be32400000,0x000000be32500000)]


Current CompileTask:
C2: 179723 14991   !   4       org.gradle.cache.internal.DefaultMultiProcessSafePersistentIndexedCache::getIfPresent (25 bytes)

Stack: [0x000000be32400000,0x000000be32500000],  sp=0x000000be324fb450,  free space=1005k
Native frames: (J=compiled Java code, j=interpreted, Vv=VM code, C=native code)
V  [jvm.dll+0x2be0a9]
V  [jvm.dll+0x21ba8b]
V  [jvm.dll+0x21944b]
V  [jvm.dll+0x1a56b6]
V  [jvm.dll+0x2291ea]
V  [jvm.dll+0x22724c]
V  [jvm.dll+0x7efd0c]
V  [jvm.dll+0x7ea13a]
V  [jvm.dll+0x67ad85]
C  [ucrtbase.dll+0x29363]
C  [KERNEL32.DLL+0x1257d]
C  [ntdll.dll+0x5aa58]


siginfo: EXCEPTION_ACCESS_VIOLATION (0xc0000005), reading address 0x0000000000000028


Register to memory mapping:

RIP=0x00007ffb857ae0a9 jvm.dll
RAX=0x0000026cb57b5ca0 points into unknown readable memory: 0x0000000000000000 | 00 00 00 00 00 00 00 00
RBX=0x00000000000019db is an unknown value
RCX=0x0 is NULL
RDX=0x0 is NULL
RSP=0x000000be324fb450 is pointing into the stack for thread: 0x0000026cff8f91e0
RBP=0x000000be324fb4c0 is pointing into the stack for thread: 0x0000026cff8f91e0
RSI=0x0 is NULL
RDI=0x000000000000005e is an unknown value
R8 =0x000000000000ffe0 is an unknown value
R9 =0x0 is NULL
R10=0x00007ffbcb0a0000 VCRUNTIME140.dll
R11=0x0000026cb57b5cc0 points into unknown readable memory: 0x0000000000000000 | 00 00 00 00 00 00 00 00
R12=0x0000000000000050 is an unknown value
R13=0x0 is NULL
R14=0x0 is NULL
R15=0x000000be324fe670 is pointing into the stack for thread: 0x0000026cff8f91e0


Registers:
RAX=0x0000026cb57b5ca0, RBX=0x00000000000019db, RCX=0x0000000000000000, RDX=0x0000000000000000
RSP=0x000000be324fb450, RBP=0x000000be324fb4c0, RSI=0x0000000000000000, RDI=0x000000000000005e
R8 =0x000000000000ffe0, R9 =0x0000000000000000, R10=0x00007ffbcb0a0000, R11=0x0000026cb57b5cc0
R12=0x0000000000000050, R13=0x0000000000000000, R14=0x0000000000000000, R15=0x000000be324fe670
RIP=0x00007ffb857ae0a9, EFLAGS=0x0000000000010202

Top of Stack: (sp=0x000000be324fb450)
0x000000be324fb450:   00000000000019db 0000000000000000
0x000000be324fb460:   000000be324fe670 00007ffb857138d1
0x000000be324fb470:   0000026cff8efa40 00007ffb00002000
0x000000be324fb480:   0000026cb57b5ca0 0000026c00000000
0x000000be324fb490:   0000000000000002 0000026cb3c782e0
0x000000be324fb4a0:   0000000000000002 0000026cff8efa40
0x000000be324fb4b0:   0000000000000000 0000000000000000
0x000000be324fb4c0:   0000026cf2d83d70 0000026cf2d293f0
0x000000be324fb4d0:   000000000000005e 00007ffb85e34c08
0x000000be324fb4e0:   000000be324fb5f0 00007ffb8570ba8b
0x000000be324fb4f0:   000000be324fe670 00007ffb85e34c08
0x000000be324fb500:   000000be324fe670 000000be324fb5f0
0x000000be324fb510:   0000026c00000000 00007ffb85b0b7fb
0x000000be324fb520:   000000be0000000f 000000be324fe670
0x000000be324fb530:   000000be324fb6a0 0000000000000000
0x000000be324fb540:   0000026c00000100 00007ffb85e34c08 

Instructions: (pc=0x00007ffb857ae0a9)
0x00007ffb857adfa9:   3b d0 75 0b ff c1 41 3b c9 7c dc 48 8b c2 c3 33
0x00007ffb857adfb9:   c0 c3 cc cc cc cc cc 48 89 5c 24 18 55 56 57 41
0x00007ffb857adfc9:   55 41 57 48 8b ec 48 83 ec 70 65 48 8b 04 25 58
0x00007ffb857adfd9:   00 00 00 48 8b f2 44 8b 05 92 8b 90 00 4c 8b f9
0x00007ffb857adfe9:   4a 8b 1c c0 b8 50 00 00 00 80 3c 18 00 75 05 e8
0x00007ffb857adff9:   8b 6f 5d 00 b8 20 00 00 00 48 8b 04 18 48 8b 98
0x00007ffb857ae009:   38 02 00 00 48 89 5d b0 c7 45 b8 04 00 00 00 48
0x00007ffb857ae019:   8b 43 18 48 83 f8 df 76 18 4c 8d 05 37 a9 65 00
0x00007ffb857ae029:   ba 20 00 00 00 48 8b cb e8 5a eb de ff 48 8b 43
0x00007ffb857ae039:   18 48 8d 48 20 48 3b 4b 20 76 11 45 33 c0 48 8b
0x00007ffb857ae049:   cb 41 8d 50 20 e8 fd e8 de ff eb 04 48 89 4b 18
0x00007ffb857ae059:   44 8b 45 b8 33 d2 49 c1 e0 03 48 8b c8 48 89 45
0x00007ffb857ae069:   c0 e8 e3 80 5d 00 45 33 ed 48 8d 4d d0 44 89 6d
0x00007ffb857ae079:   c8 e8 01 59 56 00 41 8b 9f 40 02 00 00 41 2b 9f
0x00007ffb857ae089:   68 02 00 00 44 89 6d f0 3b 5d b8 72 0b 8b d3 48
0x00007ffb857ae099:   8d 4d b0 e8 6f b3 39 00 48 8b 45 c0 4c 89 2c d8
0x00007ffb857ae0a9:   8b 7e 28 8b df c1 eb 05 3b 5d d0 72 0b 8b d3 48
0x00007ffb857ae0b9:   8d 4d d0 e8 1f 59 56 00 48 8b 45 d8 83 e7 1f 48
0x00007ffb857ae0c9:   8d 14 98 40 0f b6 cf 41 b8 01 00 00 00 41 d3 e0
0x00007ffb857ae0d9:   8b 0a 8b c1 41 0b c0 89 02 41 85 c8 75 21 8b 5d
0x00007ffb857ae0e9:   c8 8d 43 01 89 45 c8 3b 5d b8 72 0b 8b d3 48 8d
0x00007ffb857ae0f9:   4d b0 e8 10 b3 39 00 48 8b 45 c0 48 89 34 d8 44
0x00007ffb857ae109:   39 6d c8 0f 86 77 01 00 00 4c 89 a4 24 a0 00 00
0x00007ffb857ae119:   00 4c 89 b4 24 a8 00 00 00 48 8b 45 c0 41 8b cd
0x00007ffb857ae129:   48 8b 34 c8 8b 46 2c 25 ff 1f 00 00 3d 04 10 00
0x00007ffb857ae139:   00 0f 85 a7 00 00 00 bb 01 00 00 00 39 5e 18 76
0x00007ffb857ae149:   39 66 0f 1f 44 00 00 48 8b 46 08 8b cb 48 8b 14
0x00007ffb857ae159:   c8 48 85 d2 74 1d 48 83 7a 10 00 74 16 80 7a 2c
0x00007ffb857ae169:   84 74 10 e8 7f 7e ee ff 48 8b d0 49 8b cf e8 a4
0x00007ffb857ae179:   61 f6 ff ff c3 3b 5e 18 72 cd 48 8b 5e 10 8b 46
0x00007ffb857ae189:   20 4c 8d 34 c3 49 3b de 73 54 48 8b 3b 8b 47 2c
0x00007ffb857ae199:   83 e0 03 3c 03 75 2e 48 8b 07 48 8b cf ff 90 88 


Stack slot to memory mapping:
stack at sp + 0 slots: 0x00000000000019db is an unknown value
stack at sp + 1 slots: 0x0 is NULL
stack at sp + 2 slots: 0x000000be324fe670 is pointing into the stack for thread: 0x0000026cff8f91e0
stack at sp + 3 slots: 0x00007ffb857138d1 jvm.dll
stack at sp + 4 slots: 0x0000026cff8efa40 points into unknown readable memory: 0x0000000000000006 | 06 00 00 00 00 00 00 00
stack at sp + 5 slots: 0x00007ffb00002000 is an unknown value
stack at sp + 6 slots: 0x0000026cb57b5ca0 points into unknown readable memory: 0x0000000000000000 | 00 00 00 00 00 00 00 00
stack at sp + 7 slots: 0x0000026c00000000 is an unknown value


---------------  P R O C E S S  ---------------

Threads class SMR info:
_java_thread_list=0x0000026cb56817a0, length=90, elements={
0x0000026cf2d124d0, 0x0000026cff8d7440, 0x0000026cff8d8a20, 0x0000026cff8f1790,
0x0000026cff8f1c70, 0x0000026cff8f4250, 0x0000026cff8f4820, 0x0000026cff8f91e0,
0x0000026cff90cd80, 0x0000026cffa38070, 0x0000026cffb33b90, 0x0000026cffb35f00,
0x0000026cffb34ac0, 0x0000026cffb359f0, 0x0000026cffb340a0, 0x0000026cffb354e0,
0x0000026cffb36e30, 0x0000026cffb36410, 0x0000026cffb345b0, 0x0000026cffb34fd0,
0x0000026cffb37340, 0x0000026cffb36920, 0x0000026cb1d1dbb0, 0x0000026cb1d1e0c0,
0x0000026cb1d1f500, 0x0000026cb1d1d190, 0x0000026cb1d227a0, 0x0000026cb1d1e5d0,
0x0000026cb1d21360, 0x0000026cb1d20430, 0x0000026cb1d20940, 0x0000026cb1d1eff0,
0x0000026cb1d1d6a0, 0x0000026cb1d1fa10, 0x0000026cb1d22cb0, 0x0000026cb1d21870,
0x0000026cb1d231c0, 0x0000026cb1d1ff20, 0x0000026cb1d20e50, 0x0000026cb1d21d80,
0x0000026cb1d236d0, 0x0000026cb1d23be0, 0x0000026cb1d240f0, 0x0000026cb1d24b10,
0x0000026cb23c1100, 0x0000026cb23c2f60, 0x0000026cb23c0bf0, 0x0000026cb23bc000,
0x0000026cb23be880, 0x0000026cb23c2030, 0x0000026cb23c1b20, 0x0000026cb23c2a50,
0x0000026cb23bf7b0, 0x0000026cb23bc510, 0x0000026cb23bbaf0, 0x0000026cb23c1610,
0x0000026cb23bca20, 0x0000026cb23bcf30, 0x0000026cb23bd440, 0x0000026cb23c3470,
0x0000026cb23c2540, 0x0000026cb23bd950, 0x0000026cb23bde60, 0x0000026cb23be370,
0x0000026cb23bed90, 0x0000026cb23bf2a0, 0x0000026cb23bfcc0, 0x0000026cb0d5f170,
0x0000026cb0d5fb90, 0x0000026cb0d5ec60, 0x0000026cb0d619f0, 0x0000026cb0d62e30,
0x0000026cb0d600a0, 0x0000026cb0d5d820, 0x0000026cb0d5f680, 0x0000026cb0d5e750,
0x0000026cb0d651a0, 0x0000026cb0d5dd30, 0x0000026cb0d5e240, 0x0000026cb0d61f00,
0x0000026cb0d605b0, 0x0000026cb0d614e0, 0x0000026cb0d60fd0, 0x0000026cb0d62410,
0x0000026cb0d62920, 0x0000026cb0d63340, 0x0000026cba446b80, 0x0000026cba447fc0,
0x0000026cba4429b0, 0x0000026cba446670
}

Java Threads: ( => current thread )
  0x0000026cf2d124d0 JavaThread "main" [_thread_blocked, id=14548, stack(0x000000be31700000,0x000000be31800000)]
  0x0000026cff8d7440 JavaThread "Reference Handler" daemon [_thread_blocked, id=2416, stack(0x000000be31e00000,0x000000be31f00000)]
  0x0000026cff8d8a20 JavaThread "Finalizer" daemon [_thread_blocked, id=9400, stack(0x000000be31f00000,0x000000be32000000)]
  0x0000026cff8f1790 JavaThread "Signal Dispatcher" daemon [_thread_blocked, id=12632, stack(0x000000be32000000,0x000000be32100000)]
  0x0000026cff8f1c70 JavaThread "Attach Listener" daemon [_thread_blocked, id=13780, stack(0x000000be32100000,0x000000be32200000)]
  0x0000026cff8f4250 JavaThread "Service Thread" daemon [_thread_blocked, id=3036, stack(0x000000be32200000,0x000000be32300000)]
  0x0000026cff8f4820 JavaThread "Monitor Deflation Thread" daemon [_thread_blocked, id=7644, stack(0x000000be32300000,0x000000be32400000)]
=>0x0000026cff8f91e0 JavaThread "C2 CompilerThread0" daemon [_thread_in_native, id=16376, stack(0x000000be32400000,0x000000be32500000)]
  0x0000026cff90cd80 JavaThread "C1 CompilerThread0" daemon [_thread_blocked, id=5952, stack(0x000000be32500000,0x000000be32600000)]
  0x0000026cffa38070 JavaThread "Sweeper thread" daemon [_thread_blocked, id=19296, stack(0x000000be32600000,0x000000be32700000)]
  0x0000026cffb33b90 JavaThread "Common-Cleaner" daemon [_thread_blocked, id=18636, stack(0x000000be32700000,0x000000be32800000)]
  0x0000026cffb35f00 JavaThread "Notification Thread" daemon [_thread_blocked, id=15260, stack(0x000000be32800000,0x000000be32900000)]
  0x0000026cffb34ac0 JavaThread "Daemon health stats" [_thread_blocked, id=9360, stack(0x000000be32d00000,0x000000be32e00000)]
  0x0000026cffb359f0 JavaThread "Incoming local TCP Connector on port 5442" [_thread_in_native, id=11660, stack(0x000000be32e00000,0x000000be32f00000)]
  0x0000026cffb340a0 JavaThread "Daemon periodic checks" [_thread_blocked, id=16332, stack(0x000000be32f00000,0x000000be33000000)]
  0x0000026cffb354e0 JavaThread "Daemon" [_thread_blocked, id=3392, stack(0x000000be33000000,0x000000be33100000)]
  0x0000026cffb36e30 JavaThread "Handler for socket connection from /127.0.0.1:5442 to /127.0.0.1:5443" [_thread_in_native, id=13840, stack(0x000000be33100000,0x000000be33200000)]
  0x0000026cffb36410 JavaThread "Cancel handler" [_thread_blocked, id=11648, stack(0x000000be33200000,0x000000be33300000)]
  0x0000026cffb345b0 JavaThread "Daemon worker" [_thread_blocked, id=13468, stack(0x000000be33300000,0x000000be33400000)]
  0x0000026cffb34fd0 JavaThread "Asynchronous log dispatcher for DefaultDaemonConnection: socket connection from /127.0.0.1:5442 to /127.0.0.1:5443" [_thread_blocked, id=5920, stack(0x000000be33400000,0x000000be33500000)]
  0x0000026cffb37340 JavaThread "Stdin handler" [_thread_blocked, id=11424, stack(0x000000be33500000,0x000000be33600000)]
  0x0000026cffb36920 JavaThread "Daemon client event forwarder" [_thread_blocked, id=1380, stack(0x000000be33600000,0x000000be33700000)]
  0x0000026cb1d1dbb0 JavaThread "Cache worker for journal cache (C:\Users\mafruhah\.gradle\caches\journal-1)" [_thread_blocked, id=8436, stack(0x000000be33700000,0x000000be33800000)]
  0x0000026cb1d1e0c0 JavaThread "File lock request listener" [_thread_in_native, id=16452, stack(0x000000be33800000,0x000000be33900000)]
  0x0000026cb1d1f500 JavaThread "Cache worker for file hash cache (C:\Users\mafruhah\.gradle\caches\8.0.1\fileHashes)" [_thread_blocked, id=548, stack(0x000000be33900000,0x000000be33a00000)]
  0x0000026cb1d1d190 JavaThread "File watcher server" daemon [_thread_in_native, id=732, stack(0x000000be33a00000,0x000000be33b00000)]
  0x0000026cb1d227a0 JavaThread "File watcher consumer" daemon [_thread_blocked, id=16824, stack(0x000000be33b00000,0x000000be33c00000)]
  0x0000026cb1d1e5d0 JavaThread "Cache worker for checksums cache (D:\PROJECT\RizalBatik\android\.gradle\8.0.1\checksums)" [_thread_blocked, id=14176, stack(0x000000be33c00000,0x000000be33d00000)]
  0x0000026cb1d21360 JavaThread "Cache worker for cache directory md-rule (C:\Users\mafruhah\.gradle\caches\8.0.1\md-rule)" [_thread_blocked, id=17024, stack(0x000000be33d00000,0x000000be33e00000)]
  0x0000026cb1d20430 JavaThread "Cache worker for file content cache (C:\Users\mafruhah\.gradle\caches\8.0.1\fileContent)" [_thread_blocked, id=2384, stack(0x000000be33e00000,0x000000be33f00000)]
  0x0000026cb1d20940 JavaThread "Cache worker for file hash cache (D:\PROJECT\RizalBatik\android\.gradle\8.0.1\fileHashes)" [_thread_blocked, id=5632, stack(0x000000be33f00000,0x000000be34000000)]
  0x0000026cb1d1eff0 JavaThread "Cache worker for cache directory md-supplier (C:\Users\mafruhah\.gradle\caches\8.0.1\md-supplier)" [_thread_blocked, id=3836, stack(0x000000be34000000,0x000000be34100000)]
  0x0000026cb1d1d6a0 JavaThread "Cache worker for execution history cache (C:\Users\mafruhah\.gradle\caches\8.0.1\executionHistory)" [_thread_blocked, id=9332, stack(0x000000be34300000,0x000000be34400000)]
  0x0000026cb1d1fa10 JavaThread "jar transforms" [_thread_blocked, id=14496, stack(0x000000be34500000,0x000000be34600000)]
  0x0000026cb1d22cb0 JavaThread "jar transforms Thread 2" [_thread_blocked, id=10084, stack(0x000000be34400000,0x000000be34500000)]
  0x0000026cb1d21870 JavaThread "jar transforms Thread 3" [_thread_blocked, id=3068, stack(0x000000be34600000,0x000000be34700000)]
  0x0000026cb1d231c0 JavaThread "jar transforms Thread 4" [_thread_blocked, id=16084, stack(0x000000be34700000,0x000000be34800000)]
  0x0000026cb1d1ff20 JavaThread "Cache worker for kotlin-dsl (C:\Users\mafruhah\.gradle\caches\8.0.1\kotlin-dsl)" [_thread_blocked, id=18640, stack(0x000000be34a00000,0x000000be34b00000)]
  0x0000026cb1d20e50 JavaThread "Cache worker for dependencies-accessors (D:\PROJECT\RizalBatik\android\.gradle\8.0.1\dependencies-accessors)" [_thread_blocked, id=10368, stack(0x000000be34b00000,0x000000be34c00000)]
  0x0000026cb1d21d80 JavaThread "Cache worker for Build Output Cleanup Cache (D:\PROJECT\RizalBatik\node_modules\@react-native\gradle-plugin\.gradle\buildOutputCleanup)" [_thread_blocked, id=15864, stack(0x000000be34c00000,0x000000be34d00000)]
  0x0000026cb1d236d0 JavaThread "Unconstrained build operations" [_thread_blocked, id=15652, stack(0x000000be34d00000,0x000000be34e00000)]
  0x0000026cb1d23be0 JavaThread "Unconstrained build operations Thread 2" [_thread_blocked, id=9340, stack(0x000000be34e00000,0x000000be34f00000)]
  0x0000026cb1d240f0 JavaThread "Unconstrained build operations Thread 3" [_thread_blocked, id=10580, stack(0x000000be34f00000,0x000000be35000000)]
  0x0000026cb1d24b10 JavaThread "Unconstrained build operations Thread 4" [_thread_blocked, id=16968, stack(0x000000be35000000,0x000000be35100000)]
  0x0000026cb23c1100 JavaThread "Unconstrained build operations Thread 5" [_thread_blocked, id=14748, stack(0x000000be35100000,0x000000be35200000)]
  0x0000026cb23c2f60 JavaThread "Unconstrained build operations Thread 6" [_thread_blocked, id=15920, stack(0x000000be35200000,0x000000be35300000)]
  0x0000026cb23c0bf0 JavaThread "Unconstrained build operations Thread 7" [_thread_blocked, id=240, stack(0x000000be35300000,0x000000be35400000)]
  0x0000026cb23bc000 JavaThread "Unconstrained build operations Thread 8" [_thread_blocked, id=13412, stack(0x000000be35400000,0x000000be35500000)]
  0x0000026cb23be880 JavaThread "Unconstrained build operations Thread 9" [_thread_blocked, id=3060, stack(0x000000be35500000,0x000000be35600000)]
  0x0000026cb23c2030 JavaThread "Unconstrained build operations Thread 10" [_thread_blocked, id=12620, stack(0x000000be35600000,0x000000be35700000)]
  0x0000026cb23c1b20 JavaThread "Unconstrained build operations Thread 11" [_thread_blocked, id=1472, stack(0x000000be35700000,0x000000be35800000)]
  0x0000026cb23c2a50 JavaThread "Unconstrained build operations Thread 12" [_thread_blocked, id=9484, stack(0x000000be35800000,0x000000be35900000)]
  0x0000026cb23bf7b0 JavaThread "Unconstrained build operations Thread 13" [_thread_blocked, id=10420, stack(0x000000be35900000,0x000000be35a00000)]
  0x0000026cb23bc510 JavaThread "Unconstrained build operations Thread 14" [_thread_blocked, id=5544, stack(0x000000be35a00000,0x000000be35b00000)]
  0x0000026cb23bbaf0 JavaThread "Unconstrained build operations Thread 15" [_thread_blocked, id=18424, stack(0x000000be35b00000,0x000000be35c00000)]
  0x0000026cb23c1610 JavaThread "Unconstrained build operations Thread 16" [_thread_blocked, id=17072, stack(0x000000be35c00000,0x000000be35d00000)]
  0x0000026cb23bca20 JavaThread "Unconstrained build operations Thread 17" [_thread_blocked, id=11548, stack(0x000000be35d00000,0x000000be35e00000)]
  0x0000026cb23bcf30 JavaThread "Unconstrained build operations Thread 18" [_thread_blocked, id=5836, stack(0x000000be35e00000,0x000000be35f00000)]
  0x0000026cb23bd440 JavaThread "Unconstrained build operations Thread 19" [_thread_blocked, id=18196, stack(0x000000be35f00000,0x000000be36000000)]
  0x0000026cb23c3470 JavaThread "Unconstrained build operations Thread 20" [_thread_blocked, id=8380, stack(0x000000be36000000,0x000000be36100000)]
  0x0000026cb23c2540 JavaThread "Unconstrained build operations Thread 21" [_thread_blocked, id=9020, stack(0x000000be36100000,0x000000be36200000)]
  0x0000026cb23bd950 JavaThread "Unconstrained build operations Thread 22" [_thread_blocked, id=14224, stack(0x000000be36200000,0x000000be36300000)]
  0x0000026cb23bde60 JavaThread "Unconstrained build operations Thread 23" [_thread_blocked, id=18584, stack(0x000000be36300000,0x000000be36400000)]
  0x0000026cb23be370 JavaThread "Unconstrained build operations Thread 24" [_thread_blocked, id=4076, stack(0x000000be36400000,0x000000be36500000)]
  0x0000026cb23bed90 JavaThread "Unconstrained build operations Thread 25" [_thread_blocked, id=11324, stack(0x000000be36500000,0x000000be36600000)]
  0x0000026cb23bf2a0 JavaThread "Unconstrained build operations Thread 26" [_thread_blocked, id=3368, stack(0x000000be36600000,0x000000be36700000)]
  0x0000026cb23bfcc0 JavaThread "Memory manager" [_thread_blocked, id=2068, stack(0x000000be36700000,0x000000be36800000)]
  0x0000026cb0d5f170 JavaThread "Cache worker for Build Output Cleanup Cache (D:\PROJECT\RizalBatik\android\.gradle\buildOutputCleanup)" [_thread_blocked, id=15288, stack(0x000000be36800000,0x000000be36900000)]
  0x0000026cb0d5fb90 JavaThread "Execution worker" [_thread_blocked, id=7224, stack(0x000000be36a00000,0x000000be36b00000)]
  0x0000026cb0d5ec60 JavaThread "Execution worker Thread 2" [_thread_blocked, id=11260, stack(0x000000be36b00000,0x000000be36c00000)]
  0x0000026cb0d619f0 JavaThread "Execution worker Thread 3" [_thread_blocked, id=7904, stack(0x000000be36c00000,0x000000be36d00000)]
  0x0000026cb0d62e30 JavaThread "Cache worker for execution history cache (D:\PROJECT\RizalBatik\node_modules\@react-native\gradle-plugin\.gradle\8.0.1\executionHistory)" [_thread_blocked, id=7344, stack(0x000000be36d00000,0x000000be36e00000)]
  0x0000026cb0d600a0 JavaThread "Unconstrained build operations Thread 27" [_thread_blocked, id=1388, stack(0x000000be36e00000,0x000000be36f00000)]
  0x0000026cb0d5d820 JavaThread "Unconstrained build operations Thread 28" [_thread_blocked, id=5308, stack(0x000000be36f00000,0x000000be37000000)]
  0x0000026cb0d5f680 JavaThread "Unconstrained build operations Thread 29" [_thread_blocked, id=8420, stack(0x000000be37000000,0x000000be37100000)]
  0x0000026cb0d5e750 JavaThread "Unconstrained build operations Thread 30" [_thread_blocked, id=14252, stack(0x000000be37100000,0x000000be37200000)]
  0x0000026cb0d651a0 JavaThread "Unconstrained build operations Thread 31" [_thread_blocked, id=13484, stack(0x000000be37200000,0x000000be37300000)]
  0x0000026cb0d5dd30 JavaThread "Unconstrained build operations Thread 32" [_thread_blocked, id=11944, stack(0x000000be37300000,0x000000be37400000)]
  0x0000026cb0d5e240 JavaThread "Unconstrained build operations Thread 33" [_thread_blocked, id=17604, stack(0x000000be37400000,0x000000be37500000)]
  0x0000026cb0d61f00 JavaThread "Unconstrained build operations Thread 34" [_thread_blocked, id=15024, stack(0x000000be37500000,0x000000be37600000)]
  0x0000026cb0d605b0 JavaThread "Unconstrained build operations Thread 35" [_thread_blocked, id=12864, stack(0x000000be37600000,0x000000be37700000)]
  0x0000026cb0d614e0 JavaThread "Unconstrained build operations Thread 36" [_thread_blocked, id=16532, stack(0x000000be37700000,0x000000be37800000)]
  0x0000026cb0d60fd0 JavaThread "Unconstrained build operations Thread 37" [_thread_blocked, id=12344, stack(0x000000be37800000,0x000000be37900000)]
  0x0000026cb0d62410 JavaThread "Unconstrained build operations Thread 38" [_thread_blocked, id=9916, stack(0x000000be37900000,0x000000be37a00000)]
  0x0000026cb0d62920 JavaThread "Unconstrained build operations Thread 39" [_thread_blocked, id=2100, stack(0x000000be37a00000,0x000000be37b00000)]
  0x0000026cb0d63340 JavaThread "Unconstrained build operations Thread 40" [_thread_blocked, id=10344, stack(0x000000be37b00000,0x000000be37c00000)]
  0x0000026cba446b80 JavaThread "pool-3-thread-1" [_thread_blocked, id=13672, stack(0x000000be31400000,0x000000be31500000)]
  0x0000026cba447fc0 JavaThread "build event listener" [_thread_blocked, id=8324, stack(0x000000be31500000,0x000000be31600000)]
  0x0000026cba4429b0 JavaThread "included builds Thread 2" [_thread_blocked, id=6260, stack(0x000000be31600000,0x000000be31700000)]
  0x0000026cba446670 JavaThread "Cache worker for execution history cache (D:\PROJECT\RizalBatik\android\.gradle\8.0.1\executionHistory)" [_thread_blocked, id=7348, stack(0x000000be34800000,0x000000be34900000)]

Other Threads:
  0x0000026cff8d06c0 VMThread "VM Thread" [stack: 0x000000be31d00000,0x000000be31e00000] [id=13988]
  0x0000026cffb449a0 WatcherThread [stack: 0x000000be32900000,0x000000be32a00000] [id=9396]
  0x0000026cf2d6c6a0 GCTaskThread "GC Thread#0" [stack: 0x000000be31800000,0x000000be31900000] [id=16588]
  0x0000026cffbbc3c0 GCTaskThread "GC Thread#1" [stack: 0x000000be32a00000,0x000000be32b00000] [id=1540]
  0x0000026cb046b010 GCTaskThread "GC Thread#2" [stack: 0x000000be32b00000,0x000000be32c00000] [id=13712]
  0x0000026cffe294e0 GCTaskThread "GC Thread#3" [stack: 0x000000be32c00000,0x000000be32d00000] [id=8712]
  0x0000026cf2d80b20 ConcurrentGCThread "G1 Main Marker" [stack: 0x000000be31900000,0x000000be31a00000] [id=596]
  0x0000026cf2d82be0 ConcurrentGCThread "G1 Conc#0" [stack: 0x000000be31a00000,0x000000be31b00000] [id=8432]
  0x0000026cf2dbd940 ConcurrentGCThread "G1 Refine#0" [stack: 0x000000be31b00000,0x000000be31c00000] [id=6308]
  0x0000026cb0847b40 ConcurrentGCThread "G1 Refine#1" [stack: 0x000000be34100000,0x000000be34200000] [id=11164]
  0x0000026cb0cac030 ConcurrentGCThread "G1 Refine#2" [stack: 0x000000be34200000,0x000000be34300000] [id=12184]
  0x0000026cf2dbde80 ConcurrentGCThread "G1 Service" [stack: 0x000000be31c00000,0x000000be31d00000] [id=19020]

Threads with active compile tasks:
C2 CompilerThread0   180000 14991   !   4       org.gradle.cache.internal.DefaultMultiProcessSafePersistentIndexedCache::getIfPresent (25 bytes)

VM state: not at safepoint (normal execution)

VM Mutex/Monitor currently owned by a thread: None

Heap address: 0x0000000080000000, size: 2048 MB, Compressed Oops mode: 32-bit

CDS archive(s) mapped at: [0x0000026c91000000-0x0000026c91bd0000-0x0000026c91bd0000), size 12386304, SharedBaseAddress: 0x0000026c91000000, ArchiveRelocationMode: 1.
Compressed class space mapped at: 0x0000026c92000000-0x0000026cac000000, reserved size: 436207616
Narrow klass base: 0x0000026c91000000, Narrow klass shift: 0, Narrow klass range: 0x100000000

GC Precious Log:
 CPUs: 4 total, 4 available
 Memory: 7958M
 Large Page Support: Disabled
 NUMA Support: Disabled
 Compressed Oops: Enabled (32-bit)
 Heap Region Size: 1M
 Heap Min Capacity: 8M
 Heap Initial Capacity: 126M
 Heap Max Capacity: 2G
 Pre-touch: Disabled
 Parallel Workers: 4
 Concurrent Workers: 1
 Concurrent Refinement Workers: 4
 Periodic GC: Disabled

Heap:
 garbage-first heap   total 272384K, used 168288K [0x0000000080000000, 0x0000000100000000)
  region size 1024K, 14 young (14336K), 7 survivors (7168K)
 Metaspace       used 100451K, committed 101440K, reserved 557056K
  class space    used 13682K, committed 14144K, reserved 425984K

Heap Regions: E=young(eden), S=young(survivor), O=old, HS=humongous(starts), HC=humongous(continues), CS=collection set, F=free, OA=open archive, CA=closed archive, TAMS=top-at-mark-start (previous, next)
|   0|0x0000000080000000, 0x0000000080100000, 0x0000000080100000|100%|HS|  |TAMS 0x0000000080000000, 0x0000000080000000| Complete 
|   1|0x0000000080100000, 0x0000000080200000, 0x0000000080200000|100%| O|  |TAMS 0x0000000080200000, 0x0000000080100000| Untracked 
|   2|0x0000000080200000, 0x0000000080300000, 0x0000000080300000|100%| O|  |TAMS 0x0000000080300000, 0x0000000080200000| Untracked 
|   3|0x0000000080300000, 0x0000000080400000, 0x0000000080400000|100%|HS|  |TAMS 0x0000000080400000, 0x0000000080300000| Complete 
|   4|0x0000000080400000, 0x0000000080500000, 0x0000000080500000|100%|HC|  |TAMS 0x0000000080500000, 0x0000000080400000| Complete 
|   5|0x0000000080500000, 0x0000000080600000, 0x0000000080600000|100%|HC|  |TAMS 0x0000000080600000, 0x0000000080500000| Complete 
|   6|0x0000000080600000, 0x0000000080700000, 0x0000000080700000|100%|HC|  |TAMS 0x0000000080700000, 0x0000000080600000| Complete 
|   7|0x0000000080700000, 0x0000000080800000, 0x0000000080800000|100%| O|  |TAMS 0x0000000080800000, 0x0000000080700000| Untracked 
|   8|0x0000000080800000, 0x0000000080900000, 0x0000000080900000|100%| O|  |TAMS 0x0000000080900000, 0x0000000080800000| Untracked 
|   9|0x0000000080900000, 0x0000000080a00000, 0x0000000080a00000|100%| O|  |TAMS 0x0000000080a00000, 0x0000000080900000| Untracked 
|  10|0x0000000080a00000, 0x0000000080b00000, 0x0000000080b00000|100%| O|  |TAMS 0x0000000080b00000, 0x0000000080a00000| Untracked 
|  11|0x0000000080b00000, 0x0000000080c00000, 0x0000000080c00000|100%| O|  |TAMS 0x0000000080c00000, 0x0000000080b00000| Untracked 
|  12|0x0000000080c00000, 0x0000000080d00000, 0x0000000080d00000|100%| O|  |TAMS 0x0000000080d00000, 0x0000000080c00000| Untracked 
|  13|0x0000000080d00000, 0x0000000080e00000, 0x0000000080e00000|100%| O|  |TAMS 0x0000000080e00000, 0x0000000080d00000| Untracked 
|  14|0x0000000080e00000, 0x0000000080f00000, 0x0000000080f00000|100%| O|  |TAMS 0x0000000080f00000, 0x0000000080e00000| Untracked 
|  15|0x0000000080f00000, 0x0000000081000000, 0x0000000081000000|100%| O|  |TAMS 0x0000000081000000, 0x0000000080f00000| Untracked 
|  16|0x0000000081000000, 0x0000000081100000, 0x0000000081100000|100%| O|  |TAMS 0x0000000081100000, 0x0000000081000000| Untracked 
|  17|0x0000000081100000, 0x0000000081200000, 0x0000000081200000|100%| O|  |TAMS 0x0000000081200000, 0x0000000081100000| Untracked 
|  18|0x0000000081200000, 0x0000000081300000, 0x0000000081300000|100%| O|  |TAMS 0x0000000081300000, 0x0000000081200000| Untracked 
|  19|0x0000000081300000, 0x0000000081400000, 0x0000000081400000|100%| O|  |TAMS 0x0000000081400000, 0x0000000081300000| Untracked 
|  20|0x0000000081400000, 0x0000000081500000, 0x0000000081500000|100%| O|  |TAMS 0x0000000081500000, 0x0000000081400000| Untracked 
|  21|0x0000000081500000, 0x0000000081600000, 0x0000000081600000|100%| O|  |TAMS 0x0000000081600000, 0x0000000081500000| Untracked 
|  22|0x0000000081600000, 0x0000000081700000, 0x0000000081700000|100%| O|  |TAMS 0x0000000081700000, 0x0000000081600000| Untracked 
|  23|0x0000000081700000, 0x0000000081800000, 0x0000000081800000|100%| O|  |TAMS 0x0000000081800000, 0x0000000081700000| Untracked 
|  24|0x0000000081800000, 0x0000000081900000, 0x0000000081900000|100%| O|  |TAMS 0x0000000081900000, 0x0000000081800000| Untracked 
|  25|0x0000000081900000, 0x0000000081a00000, 0x0000000081a00000|100%| O|  |TAMS 0x0000000081a00000, 0x0000000081900000| Untracked 
|  26|0x0000000081a00000, 0x0000000081b00000, 0x0000000081b00000|100%| O|  |TAMS 0x0000000081b00000, 0x0000000081a00000| Untracked 
|  27|0x0000000081b00000, 0x0000000081c00000, 0x0000000081c00000|100%| O|  |TAMS 0x0000000081c00000, 0x0000000081b00000| Untracked 
|  28|0x0000000081c00000, 0x0000000081d00000, 0x0000000081d00000|100%| O|  |TAMS 0x0000000081d00000, 0x0000000081c00000| Untracked 
|  29|0x0000000081d00000, 0x0000000081e00000, 0x0000000081e00000|100%|HS|  |TAMS 0x0000000081e00000, 0x0000000081d00000| Complete 
|  30|0x0000000081e00000, 0x0000000081f00000, 0x0000000081f00000|100%|HC|  |TAMS 0x0000000081f00000, 0x0000000081e00000| Complete 
|  31|0x0000000081f00000, 0x0000000082000000, 0x0000000082000000|100%| O|  |TAMS 0x0000000082000000, 0x0000000081f00000| Untracked 
|  32|0x0000000082000000, 0x0000000082100000, 0x0000000082100000|100%| O|  |TAMS 0x0000000082100000, 0x0000000082000000| Untracked 
|  33|0x0000000082100000, 0x0000000082200000, 0x0000000082200000|100%| O|  |TAMS 0x0000000082200000, 0x0000000082100000| Untracked 
|  34|0x0000000082200000, 0x0000000082300000, 0x0000000082300000|100%| O|  |TAMS 0x0000000082300000, 0x0000000082200000| Untracked 
|  35|0x0000000082300000, 0x0000000082400000, 0x0000000082400000|100%| O|  |TAMS 0x0000000082400000, 0x0000000082300000| Untracked 
|  36|0x0000000082400000, 0x0000000082500000, 0x0000000082500000|100%| O|  |TAMS 0x0000000082500000, 0x0000000082400000| Untracked 
|  37|0x0000000082500000, 0x0000000082600000, 0x0000000082600000|100%| O|  |TAMS 0x0000000082600000, 0x0000000082500000| Untracked 
|  38|0x0000000082600000, 0x0000000082700000, 0x0000000082700000|100%|HS|  |TAMS 0x0000000082700000, 0x0000000082600000| Complete 
|  39|0x0000000082700000, 0x0000000082800000, 0x0000000082800000|100%|HC|  |TAMS 0x0000000082800000, 0x0000000082700000| Complete 
|  40|0x0000000082800000, 0x0000000082900000, 0x0000000082900000|100%|HC|  |TAMS 0x0000000082900000, 0x0000000082800000| Complete 
|  41|0x0000000082900000, 0x0000000082a00000, 0x0000000082a00000|100%|HC|  |TAMS 0x0000000082a00000, 0x0000000082900000| Complete 
|  42|0x0000000082a00000, 0x0000000082b00000, 0x0000000082b00000|100%| O|  |TAMS 0x0000000082b00000, 0x0000000082a00000| Untracked 
|  43|0x0000000082b00000, 0x0000000082c00000, 0x0000000082c00000|100%| O|  |TAMS 0x0000000082c00000, 0x0000000082b00000| Untracked 
|  44|0x0000000082c00000, 0x0000000082d00000, 0x0000000082d00000|100%| O|  |TAMS 0x0000000082d00000, 0x0000000082c00000| Untracked 
|  45|0x0000000082d00000, 0x0000000082e00000, 0x0000000082e00000|100%| O|  |TAMS 0x0000000082e00000, 0x0000000082d00000| Untracked 
|  46|0x0000000082e00000, 0x0000000082f00000, 0x0000000082f00000|100%| O|  |TAMS 0x0000000082f00000, 0x0000000082e00000| Untracked 
|  47|0x0000000082f00000, 0x0000000083000000, 0x0000000083000000|100%| O|  |TAMS 0x0000000083000000, 0x0000000082f00000| Untracked 
|  48|0x0000000083000000, 0x0000000083100000, 0x0000000083100000|100%| O|  |TAMS 0x0000000083100000, 0x0000000083000000| Untracked 
|  49|0x0000000083100000, 0x0000000083200000, 0x0000000083200000|100%| O|  |TAMS 0x0000000083200000, 0x0000000083100000| Untracked 
|  50|0x0000000083200000, 0x0000000083300000, 0x0000000083300000|100%| O|  |TAMS 0x0000000083300000, 0x0000000083200000| Untracked 
|  51|0x0000000083300000, 0x0000000083400000, 0x0000000083400000|100%| O|  |TAMS 0x0000000083400000, 0x0000000083300000| Untracked 
|  52|0x0000000083400000, 0x0000000083500000, 0x0000000083500000|100%| O|  |TAMS 0x0000000083500000, 0x0000000083400000| Untracked 
|  53|0x0000000083500000, 0x0000000083600000, 0x0000000083600000|100%| O|  |TAMS 0x0000000083600000, 0x0000000083500000| Untracked 
|  54|0x0000000083600000, 0x0000000083700000, 0x0000000083700000|100%| O|  |TAMS 0x0000000083700000, 0x0000000083600000| Untracked 
|  55|0x0000000083700000, 0x0000000083800000, 0x0000000083800000|100%| O|  |TAMS 0x0000000083700000, 0x0000000083700000| Untracked 
|  56|0x0000000083800000, 0x0000000083900000, 0x0000000083900000|100%| O|  |TAMS 0x0000000083900000, 0x0000000083800000| Untracked 
|  57|0x0000000083900000, 0x0000000083a00000, 0x0000000083a00000|100%| O|  |TAMS 0x0000000083a00000, 0x0000000083900000| Untracked 
|  58|0x0000000083a00000, 0x0000000083b00000, 0x0000000083b00000|100%| O|  |TAMS 0x0000000083b00000, 0x0000000083a00000| Untracked 
|  59|0x0000000083b00000, 0x0000000083c00000, 0x0000000083c00000|100%| O|  |TAMS 0x0000000083c00000, 0x0000000083b00000| Untracked 
|  60|0x0000000083c00000, 0x0000000083d00000, 0x0000000083d00000|100%|HS|  |TAMS 0x0000000083d00000, 0x0000000083c00000| Complete 
|  61|0x0000000083d00000, 0x0000000083e00000, 0x0000000083e00000|100%|HS|  |TAMS 0x0000000083e00000, 0x0000000083d00000| Complete 
|  62|0x0000000083e00000, 0x0000000083f00000, 0x0000000083f00000|100%| O|  |TAMS 0x0000000083f00000, 0x0000000083e00000| Untracked 
|  63|0x0000000083f00000, 0x0000000084000000, 0x0000000084000000|100%| O|  |TAMS 0x0000000084000000, 0x0000000083f00000| Untracked 
|  64|0x0000000084000000, 0x0000000084100000, 0x0000000084100000|100%| O|  |TAMS 0x0000000084100000, 0x0000000084000000| Untracked 
|  65|0x0000000084100000, 0x0000000084200000, 0x0000000084200000|100%| O|  |TAMS 0x0000000084200000, 0x0000000084100000| Untracked 
|  66|0x0000000084200000, 0x0000000084300000, 0x0000000084300000|100%| O|  |TAMS 0x0000000084200000, 0x0000000084200000| Untracked 
|  67|0x0000000084300000, 0x0000000084400000, 0x0000000084400000|100%| O|  |TAMS 0x0000000084300000, 0x0000000084300000| Untracked 
|  68|0x0000000084400000, 0x0000000084500000, 0x0000000084500000|100%| O|  |TAMS 0x0000000084500000, 0x0000000084400000| Untracked 
|  69|0x0000000084500000, 0x0000000084600000, 0x0000000084600000|100%| O|  |TAMS 0x0000000084600000, 0x0000000084500000| Untracked 
|  70|0x0000000084600000, 0x0000000084700000, 0x0000000084700000|100%| O|  |TAMS 0x0000000084700000, 0x0000000084600000| Untracked 
|  71|0x0000000084700000, 0x0000000084800000, 0x0000000084800000|100%| O|  |TAMS 0x0000000084700000, 0x0000000084700000| Untracked 
|  72|0x0000000084800000, 0x0000000084900000, 0x0000000084900000|100%|HS|  |TAMS 0x0000000084800000, 0x0000000084800000| Complete 
|  73|0x0000000084900000, 0x0000000084a00000, 0x0000000084a00000|100%| O|  |TAMS 0x0000000084a00000, 0x0000000084900000| Untracked 
|  74|0x0000000084a00000, 0x0000000084b00000, 0x0000000084b00000|100%| O|  |TAMS 0x0000000084b00000, 0x0000000084a00000| Untracked 
|  75|0x0000000084b00000, 0x0000000084c00000, 0x0000000084c00000|100%| O|  |TAMS 0x0000000084c00000, 0x0000000084b00000| Untracked 
|  76|0x0000000084c00000, 0x0000000084d00000, 0x0000000084d00000|100%| O|  |TAMS 0x0000000084c78a00, 0x0000000084c00000| Untracked 
|  77|0x0000000084d00000, 0x0000000084e00000, 0x0000000084e00000|100%|HS|  |TAMS 0x0000000084d00000, 0x0000000084d00000| Complete 
|  78|0x0000000084e00000, 0x0000000084f00000, 0x0000000084f00000|100%|HS|  |TAMS 0x0000000084e00000, 0x0000000084e00000| Complete 
|  79|0x0000000084f00000, 0x0000000085000000, 0x0000000085000000|100%|HC|  |TAMS 0x0000000084f00000, 0x0000000084f00000| Complete 
|  80|0x0000000085000000, 0x0000000085100000, 0x0000000085100000|100%|HC|  |TAMS 0x0000000085000000, 0x0000000085000000| Complete 
|  81|0x0000000085100000, 0x0000000085200000, 0x0000000085200000|100%|HS|  |TAMS 0x0000000085100000, 0x0000000085100000| Complete 
|  82|0x0000000085200000, 0x0000000085300000, 0x0000000085300000|100%|HS|  |TAMS 0x0000000085200000, 0x0000000085200000| Complete 
|  83|0x0000000085300000, 0x0000000085400000, 0x0000000085400000|100%|HC|  |TAMS 0x0000000085300000, 0x0000000085300000| Complete 
|  84|0x0000000085400000, 0x0000000085500000, 0x0000000085500000|100%|HS|  |TAMS 0x0000000085400000, 0x0000000085400000| Complete 
|  85|0x0000000085500000, 0x0000000085600000, 0x0000000085600000|100%|HC|  |TAMS 0x0000000085500000, 0x0000000085500000| Complete 
|  86|0x0000000085600000, 0x0000000085700000, 0x0000000085700000|100%|HS|  |TAMS 0x0000000085600000, 0x0000000085600000| Complete 
|  87|0x0000000085700000, 0x0000000085800000, 0x0000000085800000|100%|HS|  |TAMS 0x0000000085700000, 0x0000000085700000| Complete 
|  88|0x0000000085800000, 0x0000000085900000, 0x0000000085900000|100%|HC|  |TAMS 0x0000000085800000, 0x0000000085800000| Complete 
|  89|0x0000000085900000, 0x0000000085a00000, 0x0000000085a00000|100%|HC|  |TAMS 0x0000000085900000, 0x0000000085900000| Complete 
|  90|0x0000000085a00000, 0x0000000085b00000, 0x0000000085b00000|100%|HC|  |TAMS 0x0000000085a00000, 0x0000000085a00000| Complete 
|  91|0x0000000085b00000, 0x0000000085c00000, 0x0000000085c00000|100%| O|  |TAMS 0x0000000085b00000, 0x0000000085b00000| Untracked 
|  92|0x0000000085c00000, 0x0000000085d00000, 0x0000000085d00000|100%| O|  |TAMS 0x0000000085c00000, 0x0000000085c00000| Untracked 
|  93|0x0000000085d00000, 0x0000000085e00000, 0x0000000085e00000|100%| O|  |TAMS 0x0000000085d00000, 0x0000000085d00000| Untracked 
|  94|0x0000000085e00000, 0x0000000085f00000, 0x0000000085f00000|100%| O|  |TAMS 0x0000000085e00000, 0x0000000085e00000| Untracked 
|  95|0x0000000085f00000, 0x0000000086000000, 0x0000000086000000|100%| O|  |TAMS 0x0000000085f00000, 0x0000000085f00000| Untracked 
|  96|0x0000000086000000, 0x0000000086100000, 0x0000000086100000|100%| O|  |TAMS 0x0000000086000000, 0x0000000086000000| Untracked 
|  97|0x0000000086100000, 0x0000000086200000, 0x0000000086200000|100%| O|  |TAMS 0x0000000086100000, 0x0000000086100000| Untracked 
|  98|0x0000000086200000, 0x0000000086300000, 0x0000000086300000|100%| O|  |TAMS 0x0000000086200000, 0x0000000086200000| Untracked 
|  99|0x0000000086300000, 0x0000000086400000, 0x0000000086400000|100%| O|  |TAMS 0x0000000086300000, 0x0000000086300000| Untracked 
| 100|0x0000000086400000, 0x0000000086500000, 0x0000000086500000|100%| O|  |TAMS 0x0000000086400000, 0x0000000086400000| Untracked 
| 101|0x0000000086500000, 0x0000000086600000, 0x0000000086600000|100%| O|  |TAMS 0x0000000086500000, 0x0000000086500000| Untracked 
| 102|0x0000000086600000, 0x0000000086700000, 0x0000000086700000|100%| O|  |TAMS 0x0000000086600000, 0x0000000086600000| Untracked 
| 103|0x0000000086700000, 0x0000000086800000, 0x0000000086800000|100%|HS|  |TAMS 0x0000000086700000, 0x0000000086700000| Complete 
| 104|0x0000000086800000, 0x0000000086900000, 0x0000000086900000|100%| O|  |TAMS 0x0000000086800000, 0x0000000086800000| Untracked 
| 105|0x0000000086900000, 0x0000000086a00000, 0x0000000086a00000|100%| O|  |TAMS 0x0000000086900000, 0x0000000086900000| Untracked 
| 106|0x0000000086a00000, 0x0000000086b00000, 0x0000000086b00000|100%| O|  |TAMS 0x0000000086a00000, 0x0000000086a00000| Untracked 
| 107|0x0000000086b00000, 0x0000000086c00000, 0x0000000086c00000|100%| O|  |TAMS 0x0000000086b00000, 0x0000000086b00000| Untracked 
| 108|0x0000000086c00000, 0x0000000086d00000, 0x0000000086d00000|100%| O|  |TAMS 0x0000000086c00000, 0x0000000086c00000| Untracked 
| 109|0x0000000086d00000, 0x0000000086e00000, 0x0000000086e00000|100%| O|  |TAMS 0x0000000086d00000, 0x0000000086d00000| Untracked 
| 110|0x0000000086e00000, 0x0000000086f00000, 0x0000000086f00000|100%| O|  |TAMS 0x0000000086e00000, 0x0000000086e00000| Untracked 
| 111|0x0000000086f00000, 0x0000000087000000, 0x0000000087000000|100%| O|  |TAMS 0x0000000086f00000, 0x0000000086f00000| Untracked 
| 112|0x0000000087000000, 0x0000000087100000, 0x0000000087100000|100%| O|  |TAMS 0x0000000087000000, 0x0000000087000000| Untracked 
| 113|0x0000000087100000, 0x0000000087200000, 0x0000000087200000|100%| O|  |TAMS 0x0000000087100000, 0x0000000087100000| Untracked 
| 114|0x0000000087200000, 0x0000000087300000, 0x0000000087300000|100%| O|  |TAMS 0x0000000087200000, 0x0000000087200000| Untracked 
| 115|0x0000000087300000, 0x0000000087400000, 0x0000000087400000|100%| O|  |TAMS 0x0000000087300000, 0x0000000087300000| Untracked 
| 116|0x0000000087400000, 0x0000000087500000, 0x0000000087500000|100%| O|  |TAMS 0x0000000087400000, 0x0000000087400000| Untracked 
| 117|0x0000000087500000, 0x0000000087600000, 0x0000000087600000|100%| O|  |TAMS 0x0000000087500000, 0x0000000087500000| Untracked 
| 118|0x0000000087600000, 0x0000000087700000, 0x0000000087700000|100%| O|  |TAMS 0x0000000087600000, 0x0000000087600000| Untracked 
| 119|0x0000000087700000, 0x0000000087800000, 0x0000000087800000|100%| O|  |TAMS 0x0000000087700000, 0x0000000087700000| Untracked 
| 120|0x0000000087800000, 0x0000000087900000, 0x0000000087900000|100%| O|  |TAMS 0x0000000087800000, 0x0000000087800000| Untracked 
| 121|0x0000000087900000, 0x0000000087a00000, 0x0000000087a00000|100%| O|  |TAMS 0x0000000087900000, 0x0000000087900000| Untracked 
| 122|0x0000000087a00000, 0x0000000087b00000, 0x0000000087b00000|100%| O|  |TAMS 0x0000000087a00000, 0x0000000087a00000| Untracked 
| 123|0x0000000087b00000, 0x0000000087c00000, 0x0000000087c00000|100%| O|  |TAMS 0x0000000087b00000, 0x0000000087b00000| Untracked 
| 124|0x0000000087c00000, 0x0000000087d00000, 0x0000000087d00000|100%| O|  |TAMS 0x0000000087c00000, 0x0000000087c00000| Untracked 
| 125|0x0000000087d00000, 0x0000000087e00000, 0x0000000087e00000|100%| O|  |TAMS 0x0000000087d00000, 0x0000000087d00000| Untracked 
| 126|0x0000000087e00000, 0x0000000087f00000, 0x0000000087f00000|100%| O|  |TAMS 0x0000000087e00000, 0x0000000087e00000| Untracked 
| 127|0x0000000087f00000, 0x0000000088000000, 0x0000000088000000|100%| O|  |TAMS 0x0000000087f00000, 0x0000000087f00000| Untracked 
| 128|0x0000000088000000, 0x0000000088100000, 0x0000000088100000|100%| O|  |TAMS 0x0000000088000000, 0x0000000088000000| Untracked 
| 129|0x0000000088100000, 0x0000000088200000, 0x0000000088200000|100%| O|  |TAMS 0x0000000088100000, 0x0000000088100000| Untracked 
| 130|0x0000000088200000, 0x0000000088300000, 0x0000000088300000|100%| O|  |TAMS 0x0000000088200000, 0x0000000088200000| Untracked 
| 131|0x0000000088300000, 0x0000000088400000, 0x0000000088400000|100%| O|  |TAMS 0x0000000088300000, 0x0000000088300000| Untracked 
| 132|0x0000000088400000, 0x0000000088500000, 0x0000000088500000|100%| O|  |TAMS 0x0000000088400000, 0x0000000088400000| Untracked 
| 133|0x0000000088500000, 0x0000000088600000, 0x0000000088600000|100%| O|  |TAMS 0x0000000088500000, 0x0000000088500000| Untracked 
| 134|0x0000000088600000, 0x0000000088700000, 0x0000000088700000|100%| O|  |TAMS 0x0000000088600000, 0x0000000088600000| Untracked 
| 135|0x0000000088700000, 0x0000000088800000, 0x0000000088800000|100%| O|  |TAMS 0x0000000088700000, 0x0000000088700000| Untracked 
| 136|0x0000000088800000, 0x0000000088900000, 0x0000000088900000|100%| O|  |TAMS 0x0000000088800000, 0x0000000088800000| Untracked 
| 137|0x0000000088900000, 0x0000000088a00000, 0x0000000088a00000|100%| O|  |TAMS 0x0000000088900000, 0x0000000088900000| Untracked 
| 138|0x0000000088a00000, 0x0000000088b00000, 0x0000000088b00000|100%| O|  |TAMS 0x0000000088a00000, 0x0000000088a00000| Untracked 
| 139|0x0000000088b00000, 0x0000000088c00000, 0x0000000088c00000|100%| O|  |TAMS 0x0000000088b00000, 0x0000000088b00000| Untracked 
| 140|0x0000000088c00000, 0x0000000088d00000, 0x0000000088d00000|100%| O|  |TAMS 0x0000000088c00000, 0x0000000088c00000| Untracked 
| 141|0x0000000088d00000, 0x0000000088e00000, 0x0000000088e00000|100%| O|  |TAMS 0x0000000088d00000, 0x0000000088d00000| Untracked 
| 142|0x0000000088e00000, 0x0000000088f00000, 0x0000000088f00000|100%| O|  |TAMS 0x0000000088e00000, 0x0000000088e00000| Untracked 
| 143|0x0000000088f00000, 0x0000000089000000, 0x0000000089000000|100%| O|  |TAMS 0x0000000088f00000, 0x0000000088f00000| Untracked 
| 144|0x0000000089000000, 0x0000000089100000, 0x0000000089100000|100%| O|  |TAMS 0x0000000089000000, 0x0000000089000000| Untracked 
| 145|0x0000000089100000, 0x0000000089200000, 0x0000000089200000|100%| O|  |TAMS 0x0000000089100000, 0x0000000089100000| Untracked 
| 146|0x0000000089200000, 0x0000000089300000, 0x0000000089300000|100%| O|  |TAMS 0x0000000089200000, 0x0000000089200000| Untracked 
| 147|0x0000000089300000, 0x0000000089400000, 0x0000000089400000|100%| O|  |TAMS 0x0000000089300000, 0x0000000089300000| Untracked 
| 148|0x0000000089400000, 0x0000000089500000, 0x0000000089500000|100%| O|  |TAMS 0x0000000089400000, 0x0000000089400000| Untracked 
| 149|0x0000000089500000, 0x0000000089600000, 0x0000000089600000|100%| O|  |TAMS 0x0000000089500000, 0x0000000089500000| Untracked 
| 150|0x0000000089600000, 0x0000000089700000, 0x0000000089700000|100%| O|  |TAMS 0x0000000089600000, 0x0000000089600000| Untracked 
| 151|0x0000000089700000, 0x000000008977fa00, 0x0000000089800000| 49%| O|  |TAMS 0x0000000089700000, 0x0000000089700000| Untracked 
| 152|0x0000000089800000, 0x0000000089800000, 0x0000000089900000|  0%| F|  |TAMS 0x0000000089800000, 0x0000000089800000| Untracked 
| 153|0x0000000089900000, 0x0000000089900000, 0x0000000089a00000|  0%| F|  |TAMS 0x0000000089900000, 0x0000000089900000| Untracked 
| 154|0x0000000089a00000, 0x0000000089a00000, 0x0000000089b00000|  0%| F|  |TAMS 0x0000000089a00000, 0x0000000089a00000| Untracked 
| 155|0x0000000089b00000, 0x0000000089b00000, 0x0000000089c00000|  0%| F|  |TAMS 0x0000000089b00000, 0x0000000089b00000| Untracked 
| 156|0x0000000089c00000, 0x0000000089c00000, 0x0000000089d00000|  0%| F|  |TAMS 0x0000000089c00000, 0x0000000089c00000| Untracked 
| 157|0x0000000089d00000, 0x0000000089d00000, 0x0000000089e00000|  0%| F|  |TAMS 0x0000000089d00000, 0x0000000089d00000| Untracked 
| 158|0x0000000089e00000, 0x0000000089e00000, 0x0000000089f00000|  0%| F|  |TAMS 0x0000000089e00000, 0x0000000089e00000| Untracked 
| 159|0x0000000089f00000, 0x0000000089f00000, 0x000000008a000000|  0%| F|  |TAMS 0x0000000089f00000, 0x0000000089f00000| Untracked 
| 160|0x000000008a000000, 0x000000008a000000, 0x000000008a100000|  0%| F|  |TAMS 0x000000008a000000, 0x000000008a000000| Untracked 
| 161|0x000000008a100000, 0x000000008a100000, 0x000000008a200000|  0%| F|  |TAMS 0x000000008a100000, 0x000000008a100000| Untracked 
| 162|0x000000008a200000, 0x000000008a200000, 0x000000008a300000|  0%| F|  |TAMS 0x000000008a200000, 0x000000008a200000| Untracked 
| 163|0x000000008a300000, 0x000000008a300000, 0x000000008a400000|  0%| F|  |TAMS 0x000000008a300000, 0x000000008a300000| Untracked 
| 164|0x000000008a400000, 0x000000008a400000, 0x000000008a500000|  0%| F|  |TAMS 0x000000008a400000, 0x000000008a400000| Untracked 
| 165|0x000000008a500000, 0x000000008a500000, 0x000000008a600000|  0%| F|  |TAMS 0x000000008a500000, 0x000000008a500000| Untracked 
| 166|0x000000008a600000, 0x000000008a600000, 0x000000008a700000|  0%| F|  |TAMS 0x000000008a600000, 0x000000008a600000| Untracked 
| 167|0x000000008a700000, 0x000000008a700000, 0x000000008a800000|  0%| F|  |TAMS 0x000000008a700000, 0x000000008a700000| Untracked 
| 168|0x000000008a800000, 0x000000008a800000, 0x000000008a900000|  0%| F|  |TAMS 0x000000008a800000, 0x000000008a800000| Untracked 
| 169|0x000000008a900000, 0x000000008a900000, 0x000000008aa00000|  0%| F|  |TAMS 0x000000008a900000, 0x000000008a900000| Untracked 
| 170|0x000000008aa00000, 0x000000008aa00000, 0x000000008ab00000|  0%| F|  |TAMS 0x000000008aa00000, 0x000000008aa00000| Untracked 
| 171|0x000000008ab00000, 0x000000008ab00000, 0x000000008ac00000|  0%| F|  |TAMS 0x000000008ab00000, 0x000000008ab00000| Untracked 
| 172|0x000000008ac00000, 0x000000008ac00000, 0x000000008ad00000|  0%| F|  |TAMS 0x000000008ac00000, 0x000000008ac00000| Untracked 
| 173|0x000000008ad00000, 0x000000008ad00000, 0x000000008ae00000|  0%| F|  |TAMS 0x000000008ad00000, 0x000000008ad00000| Untracked 
| 174|0x000000008ae00000, 0x000000008ae00000, 0x000000008af00000|  0%| F|  |TAMS 0x000000008ae00000, 0x000000008ae00000| Untracked 
| 175|0x000000008af00000, 0x000000008af00000, 0x000000008b000000|  0%| F|  |TAMS 0x000000008af00000, 0x000000008af00000| Untracked 
| 176|0x000000008b000000, 0x000000008b000000, 0x000000008b100000|  0%| F|  |TAMS 0x000000008b000000, 0x000000008b000000| Untracked 
| 177|0x000000008b100000, 0x000000008b100000, 0x000000008b200000|  0%| F|  |TAMS 0x000000008b100000, 0x000000008b100000| Untracked 
| 178|0x000000008b200000, 0x000000008b200000, 0x000000008b300000|  0%| F|  |TAMS 0x000000008b200000, 0x000000008b200000| Untracked 
| 179|0x000000008b300000, 0x000000008b300000, 0x000000008b400000|  0%| F|  |TAMS 0x000000008b300000, 0x000000008b300000| Untracked 
| 180|0x000000008b400000, 0x000000008b400000, 0x000000008b500000|  0%| F|  |TAMS 0x000000008b400000, 0x000000008b400000| Untracked 
| 181|0x000000008b500000, 0x000000008b500000, 0x000000008b600000|  0%| F|  |TAMS 0x000000008b500000, 0x000000008b500000| Untracked 
| 182|0x000000008b600000, 0x000000008b600000, 0x000000008b700000|  0%| F|  |TAMS 0x000000008b600000, 0x000000008b600000| Untracked 
| 183|0x000000008b700000, 0x000000008b700000, 0x000000008b800000|  0%| F|  |TAMS 0x000000008b700000, 0x000000008b700000| Untracked 
| 184|0x000000008b800000, 0x000000008b800000, 0x000000008b900000|  0%| F|  |TAMS 0x000000008b800000, 0x000000008b800000| Untracked 
| 185|0x000000008b900000, 0x000000008b900000, 0x000000008ba00000|  0%| F|  |TAMS 0x000000008b900000, 0x000000008b900000| Untracked 
| 186|0x000000008ba00000, 0x000000008ba00000, 0x000000008bb00000|  0%| F|  |TAMS 0x000000008ba00000, 0x000000008ba00000| Untracked 
| 187|0x000000008bb00000, 0x000000008bb00000, 0x000000008bc00000|  0%| F|  |TAMS 0x000000008bb00000, 0x000000008bb00000| Untracked 
| 188|0x000000008bc00000, 0x000000008bc00000, 0x000000008bd00000|  0%| F|  |TAMS 0x000000008bc00000, 0x000000008bc00000| Untracked 
| 189|0x000000008bd00000, 0x000000008bd00000, 0x000000008be00000|  0%| F|  |TAMS 0x000000008bd00000, 0x000000008bd00000| Untracked 
| 190|0x000000008be00000, 0x000000008be00000, 0x000000008bf00000|  0%| F|  |TAMS 0x000000008be00000, 0x000000008be00000| Untracked 
| 191|0x000000008bf00000, 0x000000008bfd88a0, 0x000000008c000000| 84%| S|CS|TAMS 0x000000008bf00000, 0x000000008bf00000| Complete 
| 192|0x000000008c000000, 0x000000008c000000, 0x000000008c100000|  0%| F|  |TAMS 0x000000008c000000, 0x000000008c000000| Untracked 
| 193|0x000000008c100000, 0x000000008c100000, 0x000000008c200000|  0%| F|  |TAMS 0x000000008c100000, 0x000000008c100000| Untracked 
| 194|0x000000008c200000, 0x000000008c200000, 0x000000008c300000|  0%| F|  |TAMS 0x000000008c200000, 0x000000008c200000| Untracked 
| 195|0x000000008c300000, 0x000000008c300000, 0x000000008c400000|  0%| F|  |TAMS 0x000000008c300000, 0x000000008c300000| Untracked 
| 196|0x000000008c400000, 0x000000008c400000, 0x000000008c500000|  0%| F|  |TAMS 0x000000008c400000, 0x000000008c400000| Untracked 
| 197|0x000000008c500000, 0x000000008c500000, 0x000000008c600000|  0%| F|  |TAMS 0x000000008c500000, 0x000000008c500000| Untracked 
| 198|0x000000008c600000, 0x000000008c600000, 0x000000008c700000|  0%| F|  |TAMS 0x000000008c600000, 0x000000008c600000| Untracked 
| 199|0x000000008c700000, 0x000000008c800000, 0x000000008c800000|100%| S|CS|TAMS 0x000000008c700000, 0x000000008c700000| Complete 
| 200|0x000000008c800000, 0x000000008c900000, 0x000000008c900000|100%| S|CS|TAMS 0x000000008c800000, 0x000000008c800000| Complete 
| 201|0x000000008c900000, 0x000000008ca00000, 0x000000008ca00000|100%| S|CS|TAMS 0x000000008c900000, 0x000000008c900000| Complete 
| 202|0x000000008ca00000, 0x000000008cb00000, 0x000000008cb00000|100%| S|CS|TAMS 0x000000008ca00000, 0x000000008ca00000| Complete 
| 203|0x000000008cb00000, 0x000000008cc00000, 0x000000008cc00000|100%| S|CS|TAMS 0x000000008cb00000, 0x000000008cb00000| Complete 
| 204|0x000000008cc00000, 0x000000008cd00000, 0x000000008cd00000|100%| S|CS|TAMS 0x000000008cc00000, 0x000000008cc00000| Complete 
| 205|0x000000008cd00000, 0x000000008cd00000, 0x000000008ce00000|  0%| F|  |TAMS 0x000000008cd00000, 0x000000008cd00000| Untracked 
| 206|0x000000008ce00000, 0x000000008ce00000, 0x000000008cf00000|  0%| F|  |TAMS 0x000000008ce00000, 0x000000008ce00000| Untracked 
| 207|0x000000008cf00000, 0x000000008cf00000, 0x000000008d000000|  0%| F|  |TAMS 0x000000008cf00000, 0x000000008cf00000| Untracked 
| 208|0x000000008d000000, 0x000000008d000000, 0x000000008d100000|  0%| F|  |TAMS 0x000000008d000000, 0x000000008d000000| Untracked 
| 209|0x000000008d100000, 0x000000008d100000, 0x000000008d200000|  0%| F|  |TAMS 0x000000008d100000, 0x000000008d100000| Untracked 
| 210|0x000000008d200000, 0x000000008d200000, 0x000000008d300000|  0%| F|  |TAMS 0x000000008d200000, 0x000000008d200000| Untracked 
| 211|0x000000008d300000, 0x000000008d300000, 0x000000008d400000|  0%| F|  |TAMS 0x000000008d300000, 0x000000008d300000| Untracked 
| 212|0x000000008d400000, 0x000000008d400000, 0x000000008d500000|  0%| F|  |TAMS 0x000000008d400000, 0x000000008d400000| Untracked 
| 213|0x000000008d500000, 0x000000008d500000, 0x000000008d600000|  0%| F|  |TAMS 0x000000008d500000, 0x000000008d500000| Untracked 
| 214|0x000000008d600000, 0x000000008d600000, 0x000000008d700000|  0%| F|  |TAMS 0x000000008d600000, 0x000000008d600000| Untracked 
| 215|0x000000008d700000, 0x000000008d700000, 0x000000008d800000|  0%| F|  |TAMS 0x000000008d700000, 0x000000008d700000| Untracked 
| 216|0x000000008d800000, 0x000000008d800000, 0x000000008d900000|  0%| F|  |TAMS 0x000000008d800000, 0x000000008d800000| Untracked 
| 217|0x000000008d900000, 0x000000008d900000, 0x000000008da00000|  0%| F|  |TAMS 0x000000008d900000, 0x000000008d900000| Untracked 
| 218|0x000000008da00000, 0x000000008da00000, 0x000000008db00000|  0%| F|  |TAMS 0x000000008da00000, 0x000000008da00000| Untracked 
| 219|0x000000008db00000, 0x000000008db00000, 0x000000008dc00000|  0%| F|  |TAMS 0x000000008db00000, 0x000000008db00000| Untracked 
| 220|0x000000008dc00000, 0x000000008dc00000, 0x000000008dd00000|  0%| F|  |TAMS 0x000000008dc00000, 0x000000008dc00000| Untracked 
| 221|0x000000008dd00000, 0x000000008dd00000, 0x000000008de00000|  0%| F|  |TAMS 0x000000008dd00000, 0x000000008dd00000| Untracked 
| 222|0x000000008de00000, 0x000000008de00000, 0x000000008df00000|  0%| F|  |TAMS 0x000000008de00000, 0x000000008de00000| Untracked 
| 223|0x000000008df00000, 0x000000008df00000, 0x000000008e000000|  0%| F|  |TAMS 0x000000008df00000, 0x000000008df00000| Untracked 
| 224|0x000000008e000000, 0x000000008e000000, 0x000000008e100000|  0%| F|  |TAMS 0x000000008e000000, 0x000000008e000000| Untracked 
| 225|0x000000008e100000, 0x000000008e100000, 0x000000008e200000|  0%| F|  |TAMS 0x000000008e100000, 0x000000008e100000| Untracked 
| 226|0x000000008e200000, 0x000000008e200000, 0x000000008e300000|  0%| F|  |TAMS 0x000000008e200000, 0x000000008e200000| Untracked 
| 227|0x000000008e300000, 0x000000008e300000, 0x000000008e400000|  0%| F|  |TAMS 0x000000008e300000, 0x000000008e300000| Untracked 
| 228|0x000000008e400000, 0x000000008e400000, 0x000000008e500000|  0%| F|  |TAMS 0x000000008e400000, 0x000000008e400000| Untracked 
| 229|0x000000008e500000, 0x000000008e500000, 0x000000008e600000|  0%| F|  |TAMS 0x000000008e500000, 0x000000008e500000| Untracked 
| 230|0x000000008e600000, 0x000000008e600000, 0x000000008e700000|  0%| F|  |TAMS 0x000000008e600000, 0x000000008e600000| Untracked 
| 231|0x000000008e700000, 0x000000008e700000, 0x000000008e800000|  0%| F|  |TAMS 0x000000008e700000, 0x000000008e700000| Untracked 
| 232|0x000000008e800000, 0x000000008e800000, 0x000000008e900000|  0%| F|  |TAMS 0x000000008e800000, 0x000000008e800000| Untracked 
| 233|0x000000008e900000, 0x000000008e900000, 0x000000008ea00000|  0%| F|  |TAMS 0x000000008e900000, 0x000000008e900000| Untracked 
| 234|0x000000008ea00000, 0x000000008ea00000, 0x000000008eb00000|  0%| F|  |TAMS 0x000000008ea00000, 0x000000008ea00000| Untracked 
| 235|0x000000008eb00000, 0x000000008eb00000, 0x000000008ec00000|  0%| F|  |TAMS 0x000000008eb00000, 0x000000008eb00000| Untracked 
| 236|0x000000008ec00000, 0x000000008ec00000, 0x000000008ed00000|  0%| F|  |TAMS 0x000000008ec00000, 0x000000008ec00000| Untracked 
| 237|0x000000008ed00000, 0x000000008ed00000, 0x000000008ee00000|  0%| F|  |TAMS 0x000000008ed00000, 0x000000008ed00000| Untracked 
| 238|0x000000008ee00000, 0x000000008ee00000, 0x000000008ef00000|  0%| F|  |TAMS 0x000000008ee00000, 0x000000008ee00000| Untracked 
| 239|0x000000008ef00000, 0x000000008ef00000, 0x000000008f000000|  0%| F|  |TAMS 0x000000008ef00000, 0x000000008ef00000| Untracked 
| 240|0x000000008f000000, 0x000000008f000000, 0x000000008f100000|  0%| F|  |TAMS 0x000000008f000000, 0x000000008f000000| Untracked 
| 241|0x000000008f100000, 0x000000008f100000, 0x000000008f200000|  0%| F|  |TAMS 0x000000008f100000, 0x000000008f100000| Untracked 
| 242|0x000000008f200000, 0x000000008f200000, 0x000000008f300000|  0%| F|  |TAMS 0x000000008f200000, 0x000000008f200000| Untracked 
| 243|0x000000008f300000, 0x000000008f300000, 0x000000008f400000|  0%| F|  |TAMS 0x000000008f300000, 0x000000008f300000| Untracked 
| 244|0x000000008f400000, 0x000000008f400000, 0x000000008f500000|  0%| F|  |TAMS 0x000000008f400000, 0x000000008f400000| Untracked 
| 245|0x000000008f500000, 0x000000008f500000, 0x000000008f600000|  0%| F|  |TAMS 0x000000008f500000, 0x000000008f500000| Untracked 
| 246|0x000000008f600000, 0x000000008f600000, 0x000000008f700000|  0%| F|  |TAMS 0x000000008f600000, 0x000000008f600000| Untracked 
| 247|0x000000008f700000, 0x000000008f700000, 0x000000008f800000|  0%| F|  |TAMS 0x000000008f700000, 0x000000008f700000| Untracked 
| 248|0x000000008f800000, 0x000000008f800000, 0x000000008f900000|  0%| F|  |TAMS 0x000000008f800000, 0x000000008f800000| Untracked 
| 249|0x000000008f900000, 0x000000008f900000, 0x000000008fa00000|  0%| F|  |TAMS 0x000000008f900000, 0x000000008f900000| Untracked 
| 250|0x000000008fa00000, 0x000000008fa00000, 0x000000008fb00000|  0%| F|  |TAMS 0x000000008fa00000, 0x000000008fa00000| Untracked 
| 251|0x000000008fb00000, 0x000000008fb00000, 0x000000008fc00000|  0%| F|  |TAMS 0x000000008fb00000, 0x000000008fb00000| Untracked 
| 252|0x000000008fc00000, 0x000000008fc00000, 0x000000008fd00000|  0%| F|  |TAMS 0x000000008fc00000, 0x000000008fc00000| Untracked 
| 253|0x000000008fd00000, 0x000000008fd00000, 0x000000008fe00000|  0%| F|  |TAMS 0x000000008fd00000, 0x000000008fd00000| Untracked 
| 254|0x000000008fe00000, 0x000000008fe00000, 0x000000008ff00000|  0%| F|  |TAMS 0x000000008fe00000, 0x000000008fe00000| Untracked 
| 255|0x000000008ff00000, 0x000000008ff00000, 0x0000000090000000|  0%| F|  |TAMS 0x000000008ff00000, 0x000000008ff00000| Untracked 
| 256|0x0000000090000000, 0x0000000090000000, 0x0000000090100000|  0%| F|  |TAMS 0x0000000090000000, 0x0000000090000000| Untracked 
| 257|0x0000000090100000, 0x0000000090100000, 0x0000000090200000|  0%| F|  |TAMS 0x0000000090100000, 0x0000000090100000| Untracked 
| 258|0x0000000090200000, 0x00000000902dfaf0, 0x0000000090300000| 87%| E|  |TAMS 0x0000000090200000, 0x0000000090200000| Complete 
| 259|0x0000000090300000, 0x0000000090400000, 0x0000000090400000|100%| E|CS|TAMS 0x0000000090300000, 0x0000000090300000| Complete 
| 260|0x0000000090400000, 0x0000000090500000, 0x0000000090500000|100%| E|CS|TAMS 0x0000000090400000, 0x0000000090400000| Complete 
| 261|0x0000000090500000, 0x0000000090600000, 0x0000000090600000|100%| E|CS|TAMS 0x0000000090500000, 0x0000000090500000| Complete 
| 262|0x0000000090600000, 0x0000000090700000, 0x0000000090700000|100%| E|CS|TAMS 0x0000000090600000, 0x0000000090600000| Complete 
| 263|0x0000000090700000, 0x0000000090800000, 0x0000000090800000|100%| E|CS|TAMS 0x0000000090700000, 0x0000000090700000| Complete 
| 264|0x0000000090800000, 0x0000000090900000, 0x0000000090900000|100%| E|CS|TAMS 0x0000000090800000, 0x0000000090800000| Complete 
| 265|0x0000000090900000, 0x0000000090a00000, 0x0000000090a00000|100%| E|CS|TAMS 0x0000000090900000, 0x0000000090900000| Complete 

Card table byte_map: [0x0000026cfac00000,0x0000026cfb000000] _byte_map_base: 0x0000026cfa800000

Marking Bits (Prev, Next): (CMBitMap*) 0x0000026cf2d6dbd0, (CMBitMap*) 0x0000026cf2d6dc10
 Prev Bits: [0x0000026cfb400000, 0x0000026cfd400000)
 Next Bits: [0x0000026cfd400000, 0x0000026cff400000)

Polling page: 0x0000026cf24c0000

Metaspace:

Usage:
  Non-class:     84.74 MB used.
      Class:     13.36 MB used.
       Both:     98.10 MB used.

Virtual space:
  Non-class space:      128.00 MB reserved,      85.25 MB ( 67%) committed,  2 nodes.
      Class space:      416.00 MB reserved,      13.81 MB (  3%) committed,  1 nodes.
             Both:      544.00 MB reserved,      99.06 MB ( 18%) committed. 

Chunk freelists:
   Non-Class:  10.58 MB
       Class:  2.15 MB
        Both:  12.73 MB

MaxMetaspaceSize: 512.00 MB
CompressedClassSpaceSize: 416.00 MB
Initial GC threshold: 21.00 MB
Current GC threshold: 119.94 MB
CDS: on
MetaspaceReclaimPolicy: balanced
 - commit_granule_bytes: 65536.
 - commit_granule_words: 8192.
 - virtual_space_node_default_size: 8388608.
 - enlarge_chunks_in_place: 1.
 - new_chunks_are_fully_committed: 0.
 - uncommit_free_chunks: 1.
 - use_allocation_guard: 0.
 - handle_deallocations: 1.


Internal statistics:

num_allocs_failed_limit: 6.
num_arena_births: 1134.
num_arena_deaths: 0.
num_vsnodes_births: 3.
num_vsnodes_deaths: 0.
num_space_committed: 1585.
num_space_uncommitted: 0.
num_chunks_returned_to_freelist: 6.
num_chunks_taken_from_freelist: 5407.
num_chunk_merges: 6.
num_chunk_splits: 3574.
num_chunks_enlarged: 2395.
num_inconsistent_stats: 0.

CodeHeap 'non-profiled nmethods': size=120000Kb used=8051Kb max_used=8168Kb free=111948Kb
 bounds [0x0000026c87ad0000, 0x0000026c882e0000, 0x0000026c8f000000]
CodeHeap 'profiled nmethods': size=120000Kb used=24926Kb max_used=25958Kb free=95073Kb
 bounds [0x0000026c80000000, 0x0000026c81960000, 0x0000026c87530000]
CodeHeap 'non-nmethods': size=5760Kb used=2413Kb max_used=2462Kb free=3346Kb
 bounds [0x0000026c87530000, 0x0000026c877b0000, 0x0000026c87ad0000]
 total_blobs=13593 nmethods=12654 adapters=851
 compilation: enabled
              stopped_count=0, restarted_count=0
 full_count=0

Compilation events (20 events):
Event: 179.446 Thread 0x0000026cff8f91e0 nmethod 14977 0x0000026c881aef90 code [0x0000026c881af120, 0x0000026c881af1f8]
Event: 179.446 Thread 0x0000026cff8f91e0 14982 %     4       com.google.common.collect.MapMakerInternalMap$Segment::expand @ 56 (276 bytes)
Event: 179.523 Thread 0x0000026cff8f91e0 nmethod 14982% 0x0000026c87b4fa90 code [0x0000026c87b4fd00, 0x0000026c87b51bd8]
Event: 179.523 Thread 0x0000026cff8f91e0 14983       4       com.google.common.cache.LocalCache$LoadingValueReference::get (10 bytes)
Event: 179.524 Thread 0x0000026cff8f91e0 nmethod 14983 0x0000026c880ce610 code [0x0000026c880ce780, 0x0000026c880ce838]
Event: 179.527 Thread 0x0000026cff8f91e0 14984       4       java.nio.file.attribute.FileTime::from (18 bytes)
Event: 179.529 Thread 0x0000026cff8f91e0 nmethod 14984 0x0000026c880ce290 code [0x0000026c880ce420, 0x0000026c880ce4f8]
Event: 179.529 Thread 0x0000026cff8f91e0 14985       4       sun.nio.fs.WindowsFileAttributes::lastModifiedTime (8 bytes)
Event: 179.531 Thread 0x0000026cff8f91e0 nmethod 14985 0x0000026c880cdc90 code [0x0000026c880cde20, 0x0000026c880cdfc8]
Event: 179.531 Thread 0x0000026cff8f91e0 14986   !   4       sun.nio.fs.WindowsFileAttributes::toFileTime (47 bytes)
Event: 179.532 Thread 0x0000026cff8f91e0 nmethod 14986 0x0000026c87b4f610 code [0x0000026c87b4f7a0, 0x0000026c87b4f908]
Event: 179.533 Thread 0x0000026cff8f91e0 14987       4       java.util.concurrent.TimeUnit::convert (77 bytes)
Event: 179.535 Thread 0x0000026cff8f91e0 nmethod 14987 0x0000026c87b4f010 code [0x0000026c87b4f1a0, 0x0000026c87b4f3f8]
Event: 179.541 Thread 0x0000026cff8f91e0 14988       4       java.util.concurrent.locks.ReentrantLock$Sync::tryLock (63 bytes)
Event: 179.543 Thread 0x0000026cff8f91e0 nmethod 14988 0x0000026c87b4ec10 code [0x0000026c87b4ed80, 0x0000026c87b4ef38]
Event: 179.544 Thread 0x0000026cff8f91e0 14989       4       org.gradle.cache.internal.CrossProcessSynchronizingCache::getIfPresent (17 bytes)
Event: 179.595 Thread 0x0000026cff8f91e0 nmethod 14989 0x0000026c87c8cf10 code [0x0000026c87c8d1e0, 0x0000026c87c8e628]
Event: 179.596 Thread 0x0000026cff8f91e0 14991   !   4       org.gradle.cache.internal.DefaultMultiProcessSafePersistentIndexedCache::getIfPresent (25 bytes)
Event: 179.639 Thread 0x0000026cff90cd80 14992   !   3       org.gradle.cache.internal.CacheAccessWorker::addToQueue (37 bytes)
Event: 179.639 Thread 0x0000026cff90cd80 nmethod 14992 0x0000026c81628c10 code [0x0000026c81628de0, 0x0000026c816291a8]

GC Heap History (20 events):
Event: 64.337 GC heap before
{Heap before GC invocations=35 (full 0):
 garbage-first heap   total 142336K, used 81995K [0x0000000080000000, 0x0000000100000000)
  region size 1024K, 6 young (6144K), 2 survivors (2048K)
 Metaspace       used 71008K, committed 71680K, reserved 491520K
  class space    used 9683K, committed 9984K, reserved 425984K
}
Event: 64.343 GC heap after
{Heap after GC invocations=36 (full 0):
 garbage-first heap   total 142336K, used 77719K [0x0000000080000000, 0x0000000100000000)
  region size 1024K, 1 young (1024K), 1 survivors (1024K)
 Metaspace       used 71008K, committed 71680K, reserved 491520K
  class space    used 9683K, committed 9984K, reserved 425984K
}
Event: 64.890 GC heap before
{Heap before GC invocations=36 (full 0):
 garbage-first heap   total 142336K, used 95127K [0x0000000080000000, 0x0000000100000000)
  region size 1024K, 19 young (19456K), 1 survivors (1024K)
 Metaspace       used 72765K, committed 73472K, reserved 491520K
  class space    used 9891K, committed 10240K, reserved 425984K
}
Event: 64.895 GC heap after
{Heap after GC invocations=37 (full 0):
 garbage-first heap   total 142336K, used 78895K [0x0000000080000000, 0x0000000100000000)
  region size 1024K, 2 young (2048K), 2 survivors (2048K)
 Metaspace       used 72765K, committed 73472K, reserved 491520K
  class space    used 9891K, committed 10240K, reserved 425984K
}
Event: 65.996 GC heap before
{Heap before GC invocations=38 (full 0):
 garbage-first heap   total 142336K, used 107567K [0x0000000080000000, 0x0000000100000000)
  region size 1024K, 33 young (33792K), 2 survivors (2048K)
 Metaspace       used 73940K, committed 74560K, reserved 491520K
  class space    used 10084K, committed 10368K, reserved 425984K
}
Event: 66.006 GC heap after
{Heap after GC invocations=39 (full 0):
 garbage-first heap   total 142336K, used 76981K [0x0000000080000000, 0x0000000100000000)
  region size 1024K, 4 young (4096K), 4 survivors (4096K)
 Metaspace       used 73940K, committed 74560K, reserved 491520K
  class space    used 10084K, committed 10368K, reserved 425984K
}
Event: 66.063 GC heap before
{Heap before GC invocations=39 (full 0):
 garbage-first heap   total 142336K, used 79029K [0x0000000080000000, 0x0000000100000000)
  region size 1024K, 6 young (6144K), 4 survivors (4096K)
 Metaspace       used 73944K, committed 74560K, reserved 491520K
  class space    used 10084K, committed 10368K, reserved 425984K
}
Event: 66.077 GC heap after
{Heap after GC invocations=40 (full 0):
 garbage-first heap   total 272384K, used 77045K [0x0000000080000000, 0x0000000100000000)
  region size 1024K, 1 young (1024K), 1 survivors (1024K)
 Metaspace       used 73944K, committed 74560K, reserved 491520K
  class space    used 10084K, committed 10368K, reserved 425984K
}
Event: 143.994 GC heap before
{Heap before GC invocations=40 (full 0):
 garbage-first heap   total 272384K, used 187637K [0x0000000080000000, 0x0000000100000000)
  region size 1024K, 109 young (111616K), 1 survivors (1024K)
 Metaspace       used 82020K, committed 82816K, reserved 557056K
  class space    used 11365K, committed 11776K, reserved 425984K
}
Event: 144.047 GC heap after
{Heap after GC invocations=41 (full 0):
 garbage-first heap   total 272384K, used 86244K [0x0000000080000000, 0x0000000100000000)
  region size 1024K, 10 young (10240K), 10 survivors (10240K)
 Metaspace       used 82020K, committed 82816K, reserved 557056K
  class space    used 11365K, committed 11776K, reserved 425984K
}
Event: 151.039 GC heap before
{Heap before GC invocations=41 (full 0):
 garbage-first heap   total 272384K, used 212196K [0x0000000080000000, 0x0000000100000000)
  region size 1024K, 118 young (120832K), 10 survivors (10240K)
 Metaspace       used 87677K, committed 88576K, reserved 557056K
  class space    used 12108K, committed 12544K, reserved 425984K
}
Event: 151.166 GC heap after
{Heap after GC invocations=42 (full 0):
 garbage-first heap   total 272384K, used 119390K [0x0000000080000000, 0x0000000100000000)
  region size 1024K, 15 young (15360K), 15 survivors (15360K)
 Metaspace       used 87677K, committed 88576K, reserved 557056K
  class space    used 12108K, committed 12544K, reserved 425984K
}
Event: 158.133 GC heap before
{Heap before GC invocations=42 (full 0):
 garbage-first heap   total 272384K, used 206430K [0x0000000080000000, 0x0000000100000000)
  region size 1024K, 99 young (101376K), 15 survivors (15360K)
 Metaspace       used 92144K, committed 93120K, reserved 557056K
  class space    used 12747K, committed 13184K, reserved 425984K
}
Event: 158.245 GC heap after
{Heap after GC invocations=43 (full 0):
 garbage-first heap   total 272384K, used 135132K [0x0000000080000000, 0x0000000100000000)
  region size 1024K, 13 young (13312K), 13 survivors (13312K)
 Metaspace       used 92144K, committed 93120K, reserved 557056K
  class space    used 12747K, committed 13184K, reserved 425984K
}
Event: 167.257 GC heap before
{Heap before GC invocations=43 (full 0):
 garbage-first heap   total 272384K, used 210908K [0x0000000080000000, 0x0000000100000000)
  region size 1024K, 87 young (89088K), 13 survivors (13312K)
 Metaspace       used 95829K, committed 96768K, reserved 557056K
  class space    used 13167K, committed 13568K, reserved 425984K
}
Event: 167.354 GC heap after
{Heap after GC invocations=44 (full 0):
 garbage-first heap   total 272384K, used 144896K [0x0000000080000000, 0x0000000100000000)
  region size 1024K, 11 young (11264K), 11 survivors (11264K)
 Metaspace       used 95829K, committed 96768K, reserved 557056K
  class space    used 13167K, committed 13568K, reserved 425984K
}
Event: 174.273 GC heap before
{Heap before GC invocations=44 (full 0):
 garbage-first heap   total 272384K, used 212480K [0x0000000080000000, 0x0000000100000000)
  region size 1024K, 78 young (79872K), 11 survivors (11264K)
 Metaspace       used 99693K, committed 100608K, reserved 557056K
  class space    used 13578K, committed 14016K, reserved 425984K
}
Event: 174.358 GC heap after
{Heap after GC invocations=45 (full 0):
 garbage-first heap   total 272384K, used 155136K [0x0000000080000000, 0x0000000100000000)
  region size 1024K, 9 young (9216K), 9 survivors (9216K)
 Metaspace       used 99693K, committed 100608K, reserved 557056K
  class space    used 13578K, committed 14016K, reserved 425984K
}
Event: 179.290 GC heap before
{Heap before GC invocations=45 (full 0):
 garbage-first heap   total 272384K, used 216576K [0x0000000080000000, 0x0000000100000000)
  region size 1024K, 70 young (71680K), 9 survivors (9216K)
 Metaspace       used 100451K, committed 101440K, reserved 557056K
  class space    used 13682K, committed 14144K, reserved 425984K
}
Event: 179.363 GC heap after
{Heap after GC invocations=46 (full 0):
 garbage-first heap   total 272384K, used 162144K [0x0000000080000000, 0x0000000100000000)
  region size 1024K, 7 young (7168K), 7 survivors (7168K)
 Metaspace       used 100451K, committed 101440K, reserved 557056K
  class space    used 13682K, committed 14144K, reserved 425984K
}

Dll operation events (12 events):
Event: 0.011 Loaded shared library C:\Program Files\Microsoft\jdk-17.0.8.101-hotspot\bin\java.dll
Event: 0.030 Loaded shared library C:\Program Files\Microsoft\jdk-17.0.8.101-hotspot\bin\jsvml.dll
Event: 0.079 Loaded shared library C:\Program Files\Microsoft\jdk-17.0.8.101-hotspot\bin\net.dll
Event: 0.081 Loaded shared library C:\Program Files\Microsoft\jdk-17.0.8.101-hotspot\bin\nio.dll
Event: 0.085 Loaded shared library C:\Program Files\Microsoft\jdk-17.0.8.101-hotspot\bin\zip.dll
Event: 0.370 Loaded shared library C:\Program Files\Microsoft\jdk-17.0.8.101-hotspot\bin\jimage.dll
Event: 0.470 Loaded shared library C:\Program Files\Microsoft\jdk-17.0.8.101-hotspot\bin\verify.dll
Event: 0.884 Loaded shared library C:\Users\mafruhah\.gradle\native\68d5fa5c4cc2d200863cafc0d521ce42e7d3e7ee720ec0a83991735586a16f82\windows-amd64\native-platform.dll
Event: 0.970 Loaded shared library C:\Users\mafruhah\.gradle\native\e376f236ea51e6404a007f0833ffe2c6e607c4080706a723a18a27aeea778392\windows-amd64\native-platform-file-events.dll
Event: 2.571 Loaded shared library C:\Program Files\Microsoft\jdk-17.0.8.101-hotspot\bin\management.dll
Event: 2.575 Loaded shared library C:\Program Files\Microsoft\jdk-17.0.8.101-hotspot\bin\management_ext.dll
Event: 3.483 Loaded shared library C:\Program Files\Microsoft\jdk-17.0.8.101-hotspot\bin\sunmscapi.dll

Deoptimization events (20 events):
Event: 178.837 Thread 0x0000026cb1d23be0 Uncommon trap: trap_request=0xffffffd6 fr.pc=0x0000026c87e33a6c relative=0x000000000000064c
Event: 178.837 Thread 0x0000026cb1d23be0 Uncommon trap: reason=array_check action=maybe_recompile pc=0x0000026c87e33a6c method=java.util.TimSort.reverseRange([Ljava/lang/Object;II)V @ 20 c2
Event: 178.837 Thread 0x0000026cb1d23be0 DEOPT PACKING pc=0x0000026c87e33a6c sp=0x000000be34efcab0
Event: 178.837 Thread 0x0000026cb1d23be0 DEOPT UNPACKING pc=0x0000026c8758a1a3 sp=0x000000be34efc9e0 mode 2
Event: 178.839 Thread 0x0000026cb1d23be0 Uncommon trap: trap_request=0xffffffd6 fr.pc=0x0000026c87e33a6c relative=0x000000000000064c
Event: 178.839 Thread 0x0000026cb1d23be0 Uncommon trap: reason=array_check action=maybe_recompile pc=0x0000026c87e33a6c method=java.util.TimSort.reverseRange([Ljava/lang/Object;II)V @ 20 c2
Event: 178.839 Thread 0x0000026cb1d23be0 DEOPT PACKING pc=0x0000026c87e33a6c sp=0x000000be34efdb30
Event: 178.839 Thread 0x0000026cb1d23be0 DEOPT UNPACKING pc=0x0000026c8758a1a3 sp=0x000000be34efda60 mode 2
Event: 178.847 Thread 0x0000026cb1d23be0 Uncommon trap: trap_request=0xffffffd6 fr.pc=0x0000026c87e33a6c relative=0x000000000000064c
Event: 178.847 Thread 0x0000026cb1d23be0 Uncommon trap: reason=array_check action=maybe_recompile pc=0x0000026c87e33a6c method=java.util.TimSort.reverseRange([Ljava/lang/Object;II)V @ 20 c2
Event: 178.847 Thread 0x0000026cb1d23be0 DEOPT PACKING pc=0x0000026c87e33a6c sp=0x000000be34efcab0
Event: 178.847 Thread 0x0000026cb1d23be0 DEOPT UNPACKING pc=0x0000026c8758a1a3 sp=0x000000be34efc9e0 mode 2
Event: 178.864 Thread 0x0000026cb0d651a0 Uncommon trap: trap_request=0xffffffd6 fr.pc=0x0000026c87e33a6c relative=0x000000000000064c
Event: 178.864 Thread 0x0000026cb0d651a0 Uncommon trap: reason=array_check action=maybe_recompile pc=0x0000026c87e33a6c method=java.util.TimSort.reverseRange([Ljava/lang/Object;II)V @ 20 c2
Event: 178.864 Thread 0x0000026cb0d651a0 DEOPT PACKING pc=0x0000026c87e33a6c sp=0x000000be372fdca0
Event: 178.864 Thread 0x0000026cb0d651a0 DEOPT UNPACKING pc=0x0000026c8758a1a3 sp=0x000000be372fdbd0 mode 2
Event: 179.526 Thread 0x0000026cb0d5dd30 Uncommon trap: trap_request=0xffffff45 fr.pc=0x0000026c880c82ac relative=0x0000000000000cec
Event: 179.526 Thread 0x0000026cb0d5dd30 Uncommon trap: reason=unstable_if action=reinterpret pc=0x0000026c880c82ac method=java.util.concurrent.ArrayBlockingQueue.enqueue(Ljava/lang/Object;)V @ 25 c2
Event: 179.526 Thread 0x0000026cb0d5dd30 DEOPT PACKING pc=0x0000026c880c82ac sp=0x000000be373fb520
Event: 179.526 Thread 0x0000026cb0d5dd30 DEOPT UNPACKING pc=0x0000026c8758a1a3 sp=0x000000be373fb438 mode 2

Classes unloaded (0 events):
No events

Classes redefined (0 events):
No events

Internal exceptions (20 events):
Event: 176.198 Thread 0x0000026cba4429b0 Exception <a 'java/lang/ClassNotFoundException'{0x000000008f7fe7b8}: java/io/WriterCustomizer> (0x000000008f7fe7b8) 
thrown [s\src\hotspot\share\classfile\systemDictionary.cpp, line 256]
Event: 176.199 Thread 0x0000026cba4429b0 Exception <a 'java/lang/ClassNotFoundException'{0x000000008f60dad0}: java/io/BufferedWriterCustomizer> (0x000000008f60dad0) 
thrown [s\src\hotspot\share\classfile\systemDictionary.cpp, line 256]
Event: 176.270 Thread 0x0000026cb0d5ec60 Exception <a 'sun/nio/fs/WindowsException'{0x000000008f6b0eb8}> (0x000000008f6b0eb8) 
thrown [s\src\hotspot\share\prims\jni.cpp, line 516]
Event: 176.271 Thread 0x0000026cb0d5ec60 Exception <a 'sun/nio/fs/WindowsException'{0x000000008f6db450}> (0x000000008f6db450) 
thrown [s\src\hotspot\share\prims\jni.cpp, line 516]
Event: 176.325 Thread 0x0000026cb0d5ec60 Exception <a 'sun/nio/fs/WindowsException'{0x000000008f507dd0}> (0x000000008f507dd0) 
thrown [s\src\hotspot\share\prims\jni.cpp, line 516]
Event: 176.327 Thread 0x0000026cb0d5ec60 Exception <a 'sun/nio/fs/WindowsException'{0x000000008f509fb8}> (0x000000008f509fb8) 
thrown [s\src\hotspot\share\prims\jni.cpp, line 516]
Event: 176.341 Thread 0x0000026cb0d5ec60 Exception <a 'sun/nio/fs/WindowsException'{0x000000008f5416c8}> (0x000000008f5416c8) 
thrown [s\src\hotspot\share\prims\jni.cpp, line 516]
Event: 176.341 Thread 0x0000026cb0d5ec60 Exception <a 'sun/nio/fs/WindowsException'{0x000000008f54aca8}> (0x000000008f54aca8) 
thrown [s\src\hotspot\share\prims\jni.cpp, line 516]
Event: 176.350 Thread 0x0000026cb0d5ec60 Exception <a 'sun/nio/fs/WindowsException'{0x000000008f5596e0}> (0x000000008f5596e0) 
thrown [s\src\hotspot\share\prims\jni.cpp, line 516]
Event: 176.359 Thread 0x0000026cb0d5ec60 Exception <a 'sun/nio/fs/WindowsException'{0x000000008f568c68}> (0x000000008f568c68) 
thrown [s\src\hotspot\share\prims\jni.cpp, line 516]
Event: 176.359 Thread 0x0000026cb0d5ec60 Exception <a 'sun/nio/fs/WindowsException'{0x000000008f56aa40}> (0x000000008f56aa40) 
thrown [s\src\hotspot\share\prims\jni.cpp, line 516]
Event: 176.365 Thread 0x0000026cb0d5ec60 Exception <a 'sun/nio/fs/WindowsException'{0x000000008f582770}> (0x000000008f582770) 
thrown [s\src\hotspot\share\prims\jni.cpp, line 516]
Event: 176.366 Thread 0x0000026cb0d5ec60 Exception <a 'sun/nio/fs/WindowsException'{0x000000008f5846d0}> (0x000000008f5846d0) 
thrown [s\src\hotspot\share\prims\jni.cpp, line 516]
Event: 176.375 Thread 0x0000026cb0d5ec60 Exception <a 'sun/nio/fs/WindowsException'{0x000000008f593168}> (0x000000008f593168) 
thrown [s\src\hotspot\share\prims\jni.cpp, line 516]
Event: 176.376 Thread 0x0000026cb0d5ec60 Exception <a 'sun/nio/fs/WindowsException'{0x000000008f594ee0}> (0x000000008f594ee0) 
thrown [s\src\hotspot\share\prims\jni.cpp, line 516]
Event: 176.390 Thread 0x0000026cb0d5ec60 Exception <a 'sun/nio/fs/WindowsException'{0x000000008f5a6a78}> (0x000000008f5a6a78) 
thrown [s\src\hotspot\share\prims\jni.cpp, line 516]
Event: 176.391 Thread 0x0000026cb0d5ec60 Exception <a 'sun/nio/fs/WindowsException'{0x000000008f5a8698}> (0x000000008f5a8698) 
thrown [s\src\hotspot\share\prims\jni.cpp, line 516]
Event: 176.391 Thread 0x0000026cb0d5ec60 Exception <a 'sun/nio/fs/WindowsException'{0x000000008f5be790}> (0x000000008f5be790) 
thrown [s\src\hotspot\share\prims\jni.cpp, line 516]
Event: 176.392 Thread 0x0000026cb0d5ec60 Exception <a 'sun/nio/fs/WindowsException'{0x000000008f5c05a0}> (0x000000008f5c05a0) 
thrown [s\src\hotspot\share\prims\jni.cpp, line 516]
Event: 176.544 Thread 0x0000026cb0d5ec60 Exception <a 'java/lang/NoSuchMethodError'{0x000000008f4312d8}: static Lcom/android/build/api/variant/BuildConfigField;.<clinit>()V> (0x000000008f4312d8) 
thrown [s\src\hotspot\share\prims\jni.cpp, line 1107]

VM Operations (20 events):
Event: 175.728 Executing VM operation: Cleanup
Event: 175.731 Executing VM operation: Cleanup done
Event: 175.865 Executing VM operation: HandshakeAllThreads
Event: 175.883 Executing VM operation: HandshakeAllThreads done
Event: 176.107 Executing VM operation: HandshakeAllThreads
Event: 176.108 Executing VM operation: HandshakeAllThreads done
Event: 176.114 Executing VM operation: HandshakeAllThreads
Event: 176.114 Executing VM operation: HandshakeAllThreads done
Event: 176.288 Executing VM operation: HandshakeAllThreads
Event: 176.304 Executing VM operation: HandshakeAllThreads done
Event: 176.306 Executing VM operation: HandshakeAllThreads
Event: 176.306 Executing VM operation: HandshakeAllThreads done
Event: 176.709 Executing VM operation: ICBufferFull
Event: 176.711 Executing VM operation: ICBufferFull done
Event: 177.721 Executing VM operation: Cleanup
Event: 177.721 Executing VM operation: Cleanup done
Event: 178.736 Executing VM operation: Cleanup
Event: 178.736 Executing VM operation: Cleanup done
Event: 179.240 Executing VM operation: G1CollectForAllocation
Event: 179.378 Executing VM operation: G1CollectForAllocation done

Events (20 events):
Event: 174.751 Thread 0x0000026cffa38070 flushing nmethod 0x0000026c8186be10
Event: 175.828 Thread 0x0000026cba446670 Thread added: 0x0000026cba446670
Event: 175.844 loading class java/util/TreeMap$KeySpliterator
Event: 175.846 loading class java/util/TreeMap$KeySpliterator done
Event: 176.195 loading class java/io/BufferedWriterBeanInfo
Event: 176.195 loading class java/io/BufferedWriterBeanInfo done
Event: 176.196 loading class java/io/BufferedWriterBeanInfo
Event: 176.196 loading class java/io/BufferedWriterBeanInfo done
Event: 176.196 loading class java/io/WriterBeanInfo
Event: 176.196 loading class java/io/WriterBeanInfo done
Event: 176.197 loading class java/io/WriterBeanInfo
Event: 176.197 loading class java/io/WriterBeanInfo done
Event: 176.197 loading class java/io/WriterCustomizer
Event: 176.197 loading class java/io/WriterCustomizer done
Event: 176.198 loading class java/io/WriterCustomizer
Event: 176.198 loading class java/io/WriterCustomizer done
Event: 176.198 loading class java/io/BufferedWriterCustomizer
Event: 176.198 loading class java/io/BufferedWriterCustomizer done
Event: 176.199 loading class java/io/BufferedWriterCustomizer
Event: 176.199 loading class java/io/BufferedWriterCustomizer done


Dynamic libraries:
0x00007ff7fa400000 - 0x00007ff7fa40e000 	C:\Program Files\Microsoft\jdk-17.0.8.101-hotspot\bin\java.exe
0x00007ffbf8fd0000 - 0x00007ffbf91e7000 	C:\WINDOWS\SYSTEM32\ntdll.dll
0x00007ffbc81f0000 - 0x00007ffbc8209000 	C:\Program Files\Avast Software\Avast\aswhook.dll
0x00007ffbf7e70000 - 0x00007ffbf7f34000 	C:\WINDOWS\System32\KERNEL32.DLL
0x00007ffbf68d0000 - 0x00007ffbf6c76000 	C:\WINDOWS\System32\KERNELBASE.dll
0x00007ffbf6430000 - 0x00007ffbf6541000 	C:\WINDOWS\System32\ucrtbase.dll
0x00007ffbcb0a0000 - 0x00007ffbcb0bb000 	C:\Program Files\Microsoft\jdk-17.0.8.101-hotspot\bin\VCRUNTIME140.dll
0x00007ffbec340000 - 0x00007ffbec357000 	C:\Program Files\Microsoft\jdk-17.0.8.101-hotspot\bin\jli.dll
0x00007ffbf7150000 - 0x00007ffbf72fe000 	C:\WINDOWS\System32\USER32.dll
0x00007ffbf6340000 - 0x00007ffbf6366000 	C:\WINDOWS\System32\win32u.dll
0x00007ffbd61f0000 - 0x00007ffbd6483000 	C:\WINDOWS\WinSxS\amd64_microsoft.windows.common-controls_6595b64144ccf1df_6.0.22621.2506_none_270c5ae97388e100\COMCTL32.dll
0x00007ffbf6f50000 - 0x00007ffbf6f79000 	C:\WINDOWS\System32\GDI32.dll
0x00007ffbf6550000 - 0x00007ffbf6668000 	C:\WINDOWS\System32\gdi32full.dll
0x00007ffbf7690000 - 0x00007ffbf7737000 	C:\WINDOWS\System32\msvcrt.dll
0x00007ffbf6c80000 - 0x00007ffbf6d1a000 	C:\WINDOWS\System32\msvcp_win.dll
0x00007ffbf8090000 - 0x00007ffbf80c1000 	C:\WINDOWS\System32\IMM32.DLL
0x00007ffbec2c0000 - 0x00007ffbec2cc000 	C:\Program Files\Microsoft\jdk-17.0.8.101-hotspot\bin\vcruntime140_1.dll
0x00007ffbadab0000 - 0x00007ffbadb3d000 	C:\Program Files\Microsoft\jdk-17.0.8.101-hotspot\bin\msvcp140.dll
0x00007ffb854f0000 - 0x00007ffb86155000 	C:\Program Files\Microsoft\jdk-17.0.8.101-hotspot\bin\server\jvm.dll
0x00007ffbf7db0000 - 0x00007ffbf7e61000 	C:\WINDOWS\System32\ADVAPI32.dll
0x00007ffbf6ea0000 - 0x00007ffbf6f45000 	C:\WINDOWS\System32\sechost.dll
0x00007ffbf7c90000 - 0x00007ffbf7da7000 	C:\WINDOWS\System32\RPCRT4.dll
0x00007ffbf6210000 - 0x00007ffbf625d000 	C:\WINDOWS\SYSTEM32\POWRPROF.dll
0x00007ffbe2e60000 - 0x00007ffbe2e69000 	C:\WINDOWS\SYSTEM32\WSOCK32.dll
0x00007ffbf0460000 - 0x00007ffbf0494000 	C:\WINDOWS\SYSTEM32\WINMM.dll
0x00007ffbf8f10000 - 0x00007ffbf8f81000 	C:\WINDOWS\System32\WS2_32.dll
0x00007ffbf0300000 - 0x00007ffbf030a000 	C:\WINDOWS\SYSTEM32\VERSION.dll
0x00007ffbf61f0000 - 0x00007ffbf6203000 	C:\WINDOWS\SYSTEM32\UMPDC.dll
0x00007ffbf5340000 - 0x00007ffbf5358000 	C:\WINDOWS\SYSTEM32\kernel.appcore.dll
0x00007ffbe3390000 - 0x00007ffbe339a000 	C:\Program Files\Microsoft\jdk-17.0.8.101-hotspot\bin\jimage.dll
0x00007ffbf3c30000 - 0x00007ffbf3e63000 	C:\WINDOWS\SYSTEM32\DBGHELP.DLL
0x00007ffbf7300000 - 0x00007ffbf7689000 	C:\WINDOWS\System32\combase.dll
0x00007ffbf7f50000 - 0x00007ffbf8027000 	C:\WINDOWS\System32\OLEAUT32.dll
0x00007ffbef450000 - 0x00007ffbef482000 	C:\WINDOWS\SYSTEM32\dbgcore.DLL
0x00007ffbf6670000 - 0x00007ffbf66ea000 	C:\WINDOWS\System32\bcryptPrimitives.dll
0x00007ffbb2370000 - 0x00007ffbb2395000 	C:\Program Files\Microsoft\jdk-17.0.8.101-hotspot\bin\java.dll
0x00007ffbad120000 - 0x00007ffbad1f7000 	C:\Program Files\Microsoft\jdk-17.0.8.101-hotspot\bin\jsvml.dll
0x00007ffbf8480000 - 0x00007ffbf8cda000 	C:\WINDOWS\System32\SHELL32.dll
0x00007ffbf4260000 - 0x00007ffbf4b56000 	C:\WINDOWS\SYSTEM32\windows.storage.dll
0x00007ffbf4120000 - 0x00007ffbf425e000 	C:\WINDOWS\SYSTEM32\wintypes.dll
0x00007ffbf8150000 - 0x00007ffbf8243000 	C:\WINDOWS\System32\SHCORE.dll
0x00007ffbf80f0000 - 0x00007ffbf814e000 	C:\WINDOWS\System32\shlwapi.dll
0x00007ffbf6270000 - 0x00007ffbf6296000 	C:\WINDOWS\SYSTEM32\profapi.dll
0x00007ffbca4f0000 - 0x00007ffbca509000 	C:\Program Files\Microsoft\jdk-17.0.8.101-hotspot\bin\net.dll
0x00007ffbf08e0000 - 0x00007ffbf0a17000 	C:\WINDOWS\SYSTEM32\WINHTTP.dll
0x00007ffbf57c0000 - 0x00007ffbf5829000 	C:\WINDOWS\system32\mswsock.dll
0x00007ffbc9150000 - 0x00007ffbc9166000 	C:\Program Files\Microsoft\jdk-17.0.8.101-hotspot\bin\nio.dll
0x00007ffbc8230000 - 0x00007ffbc8248000 	C:\Program Files\Microsoft\jdk-17.0.8.101-hotspot\bin\zip.dll
0x00007ffbdfcc0000 - 0x00007ffbdfcd0000 	C:\Program Files\Microsoft\jdk-17.0.8.101-hotspot\bin\verify.dll
0x00007ffbafcf0000 - 0x00007ffbafd17000 	C:\Users\mafruhah\.gradle\native\68d5fa5c4cc2d200863cafc0d521ce42e7d3e7ee720ec0a83991735586a16f82\windows-amd64\native-platform.dll
0x00007ffb9e6a0000 - 0x00007ffb9e7e4000 	C:\Users\mafruhah\.gradle\native\e376f236ea51e6404a007f0833ffe2c6e607c4080706a723a18a27aeea778392\windows-amd64\native-platform-file-events.dll
0x00007ffbdb7e0000 - 0x00007ffbdb7e9000 	C:\Program Files\Microsoft\jdk-17.0.8.101-hotspot\bin\management.dll
0x00007ffbcdab0000 - 0x00007ffbcdabb000 	C:\Program Files\Microsoft\jdk-17.0.8.101-hotspot\bin\management_ext.dll
0x00007ffbf70d0000 - 0x00007ffbf70d8000 	C:\WINDOWS\System32\PSAPI.DLL
0x00007ffbf5a10000 - 0x00007ffbf5a2b000 	C:\WINDOWS\SYSTEM32\CRYPTSP.dll
0x00007ffbf52a0000 - 0x00007ffbf52d5000 	C:\WINDOWS\system32\rsaenh.dll
0x00007ffbf58b0000 - 0x00007ffbf58dc000 	C:\WINDOWS\SYSTEM32\USERENV.dll
0x00007ffbf5c00000 - 0x00007ffbf5c28000 	C:\WINDOWS\SYSTEM32\bcrypt.dll
0x00007ffbf5a30000 - 0x00007ffbf5a3c000 	C:\WINDOWS\SYSTEM32\CRYPTBASE.dll
0x00007ffbf4e00000 - 0x00007ffbf4e2d000 	C:\WINDOWS\SYSTEM32\IPHLPAPI.DLL
0x00007ffbf80e0000 - 0x00007ffbf80e9000 	C:\WINDOWS\System32\NSI.dll
0x00007ffbf07d0000 - 0x00007ffbf07e9000 	C:\WINDOWS\SYSTEM32\dhcpcsvc6.DLL
0x00007ffbf07b0000 - 0x00007ffbf07cf000 	C:\WINDOWS\SYSTEM32\dhcpcsvc.DLL
0x00007ffbf4e30000 - 0x00007ffbf4f29000 	C:\WINDOWS\SYSTEM32\DNSAPI.dll
0x00007ffbc8070000 - 0x00007ffbc807e000 	C:\Program Files\Microsoft\jdk-17.0.8.101-hotspot\bin\sunmscapi.dll
0x00007ffbf6760000 - 0x00007ffbf68c6000 	C:\WINDOWS\System32\CRYPT32.dll
0x00007ffbf5bd0000 - 0x00007ffbf5bfd000 	C:\WINDOWS\SYSTEM32\ncrypt.dll
0x00007ffbf5b90000 - 0x00007ffbf5bc7000 	C:\WINDOWS\SYSTEM32\NTASN1.dll
0x00007ffbc7ec0000 - 0x00007ffbc7ec8000 	C:\WINDOWS\system32\wshunix.dll
0x00007ffbca060000 - 0x00007ffbca077000 	C:\WINDOWS\system32\napinsp.dll
0x00007ffbca040000 - 0x00007ffbca05b000 	C:\WINDOWS\system32\pnrpnsp.dll
0x00007ffbca020000 - 0x00007ffbca031000 	C:\WINDOWS\System32\winrnr.dll
0x00007ffbca000000 - 0x00007ffbca015000 	C:\WINDOWS\system32\wshbth.dll
0x00007ffbc9fd0000 - 0x00007ffbc9ff1000 	C:\WINDOWS\system32\nlansp_c.dll
0x00007ffbebc40000 - 0x00007ffbebc4a000 	C:\Windows\System32\rasadhlp.dll
0x00007ffbefe70000 - 0x00007ffbefef3000 	C:\WINDOWS\System32\fwpuclnt.dll

dbghelp: loaded successfully - version: 4.0.5 - missing functions: none
symbol engine: initialized successfully - sym options: 0x614 - pdb path: .;C:\Program Files\Microsoft\jdk-17.0.8.101-hotspot\bin;C:\WINDOWS\SYSTEM32;C:\Program Files\Avast Software\Avast;C:\WINDOWS\WinSxS\amd64_microsoft.windows.common-controls_6595b64144ccf1df_6.0.22621.2506_none_270c5ae97388e100;C:\Program Files\Microsoft\jdk-17.0.8.101-hotspot\bin\server;C:\Users\mafruhah\.gradle\native\68d5fa5c4cc2d200863cafc0d521ce42e7d3e7ee720ec0a83991735586a16f82\windows-amd64;C:\Users\mafruhah\.gradle\native\e376f236ea51e6404a007f0833ffe2c6e607c4080706a723a18a27aeea778392\windows-amd64

VM Arguments:
jvm_args: -XX:MaxMetaspaceSize=512m --add-opens=java.base/java.util=ALL-UNNAMED --add-opens=java.base/java.lang=ALL-UNNAMED --add-opens=java.base/java.lang.invoke=ALL-UNNAMED --add-opens=java.prefs/java.util.prefs=ALL-UNNAMED --add-opens=java.base/java.nio.charset=ALL-UNNAMED --add-opens=java.base/java.net=ALL-UNNAMED --add-opens=java.base/java.util.concurrent.atomic=ALL-UNNAMED -Xmx2048m -Dfile.encoding=windows-1252 -Duser.country=ID -Duser.language=en -Duser.variant 
java_command: org.gradle.launcher.daemon.bootstrap.GradleDaemon 8.0.1
java_class_path (initial): C:\Users\mafruhah\.gradle\wrapper\dists\gradle-8.0.1-all\aro4hu1c3oeioove7l0i4i14o\gradle-8.0.1\lib\gradle-launcher-8.0.1.jar
Launcher Type: SUN_STANDARD

[Global flags]
     intx CICompilerCount                          = 3                                         {product} {ergonomic}
   size_t CompressedClassSpaceSize                 = 436207616                                 {product} {ergonomic}
     uint ConcGCThreads                            = 1                                         {product} {ergonomic}
     uint G1ConcRefinementThreads                  = 4                                         {product} {ergonomic}
   size_t G1HeapRegionSize                         = 1048576                                   {product} {ergonomic}
    uintx GCDrainStackTargetSize                   = 64                                        {product} {ergonomic}
   size_t InitialHeapSize                          = 132120576                                 {product} {ergonomic}
   size_t MarkStackSize                            = 4194304                                   {product} {ergonomic}
   size_t MaxHeapSize                              = 2147483648                                {product} {command line}
   size_t MaxMetaspaceSize                         = 536870912                                 {product} {command line}
   size_t MaxNewSize                               = 1287651328                                {product} {ergonomic}
   size_t MinHeapDeltaBytes                        = 1048576                                   {product} {ergonomic}
   size_t MinHeapSize                              = 8388608                                   {product} {ergonomic}
    uintx NonNMethodCodeHeapSize                   = 5832780                                {pd product} {ergonomic}
    uintx NonProfiledCodeHeapSize                  = 122912730                              {pd product} {ergonomic}
    uintx ProfiledCodeHeapSize                     = 122912730                              {pd product} {ergonomic}
    uintx ReservedCodeCacheSize                    = 251658240                              {pd product} {ergonomic}
     bool SegmentedCodeCache                       = true                                      {product} {ergonomic}
   size_t SoftMaxHeapSize                          = 2147483648                             {manageable} {ergonomic}
     bool UseCompressedClassPointers               = true                           {product lp64_product} {ergonomic}
     bool UseCompressedOops                        = true                           {product lp64_product} {ergonomic}
     bool UseG1GC                                  = true                                      {product} {ergonomic}
     bool UseLargePagesIndividualAllocation        = false                                  {pd product} {ergonomic}

Logging:
Log output configuration:
 #0: stdout all=warning uptime,level,tags
 #1: stderr all=off uptime,level,tags

Environment Variables:
JAVA_HOME=C:\Program Files\Microsoft\jdk-17.0.8.101-hotspot\
CLASSPATH=D:\PROJECT\RizalBatik\android\\gradle\wrapper\gradle-wrapper.jar
PATH=C:\Users\mafruhah\AppData\Local\Temp\yarn--1703337004938-0.3021913835975052;D:\PROJECT\RizalBatik\node_modules\.bin;C:\Users\mafruhah\AppData\Local\Yarn\Data\link\node_modules\.bin;C:\Users\mafruhah\AppData\Local\Yarn\bin;C:\Program Files\libexec\lib\node_modules\npm\bin\node-gyp-bin;C:\Program Files\lib\node_modules\npm\bin\node-gyp-bin;C:\Program Files\nodejs\node_modules\npm\bin\node-gyp-bin;C:\Program Files\Common Files\Oracle\Java\javapath;C:\Program Files\Microsoft\jdk-17.0.8.101-hotspot\bin;C:\WINDOWS\system32;C:\WINDOWS;C:\WINDOWS\System32\Wbem;C:\WINDOWS\System32\WindowsPowerShell\v1.0\;C:\WINDOWS\System32\OpenSSH\;C:\Program Files\dotnet\;C:\xampp\php;C:\Program Files\nodejs\;C:\Program Files (x86)\Git\cmd;C:\Users\mafruhah\AppData\Local\Android\Sdk\platform-tools;C:\Users\mafruhah\AppData\Local\Android\Sdk\emulator;C:\ProgramData\ComposerSetup\bin;C:\Users\mafruhah\AppData\Local\Programs\Python\Python311\Scripts\;C:\Users\mafruhah\AppData\Local\Programs\Python\Python311\;C:\Users\mafruhah\AppData\Local\Microsoft\WindowsApps;C:\Users\mafruhah\AppData\Local\Programs\Microsoft VS Code\bin;C:\Users\mafruhah\AppData\Roaming\npm;C:\Users\mafruhah\AppData\Local\Android\Sdk\platform-tools;C:\Users\mafruhah\AppData\Local\Android\Sdk\emulator;C:\Users\mafruhah\AppData\Roaming\Composer\vendor\bin
USERNAME=mafruhah
OS=Windows_NT
PROCESSOR_IDENTIFIER=Intel64 Family 6 Model 126 Stepping 5, GenuineIntel
TMP=C:\Users\mafruhah\AppData\Local\Temp
TEMP=C:\Users\mafruhah\AppData\Local\Temp



---------------  S Y S T E M  ---------------

OS:
 Windows 11 , 64 bit Build 22621 (10.0.22621.2506)
OS uptime: 0 days 13:06 hours

CPU: total 4 (initial active 4) (2 cores per cpu, 2 threads per core) family 6 model 126 stepping 5 microcode 0xc2, cx8, cmov, fxsr, ht, mmx, 3dnowpref, sse, sse2, sse3, ssse3, sse4.1, sse4.2, popcnt, lzcnt, tsc, tscinvbit, avx, avx2, aes, erms, clmul, bmi1, bmi2, adx, avx512f, avx512dq, avx512cd, avx512bw, avx512vl, sha, fma, vzeroupper, avx512_vpopcntdq, avx512_vpclmulqdq, avx512_vaes, avx512_vnni, clflush, clflushopt, avx512_vbmi2, avx512_vbmi
Processor Information for processor 0
  Max Mhz: 1190, Current Mhz: 1190, Mhz Limit: 1190
Processor Information for processor 1
  Max Mhz: 1190, Current Mhz: 1190, Mhz Limit: 1190
Processor Information for processor 2
  Max Mhz: 1190, Current Mhz: 991, Mhz Limit: 1190
Processor Information for processor 3
  Max Mhz: 1190, Current Mhz: 991, Mhz Limit: 1190

Memory: 4k page, system-wide physical 7958M (125M free)
TotalPageFile size 19006M (AvailPageFile size 4457M)
current process WorkingSet (physical memory assigned to process): 322M, peak: 366M
current process commit charge ("private bytes"): 582M, peak: 586M

vm_info: OpenJDK 64-Bit Server VM (17.0.8.1+1-LTS) for windows-amd64 JRE (17.0.8.1+1-LTS), built on Aug 23 2023 17:38:52 by "MicrosoftCorporation" with MS VC++ 16.10 / 16.11 (VS2019)

END.
